0:0:0:0:0:0:0:1 - - [25/Feb/2021:10:15:48 +0100] "GET / HTTP/1.1" 200 7483 "-" "Mozilla/5.0 (Windows NT 10.0; Win64; x64) AppleWebKit/537.36 (KHTML, like Gecko) Chrome/88.0.4324.182 Safari/537.36"
0:0:0:0:0:0:0:1 - - [25/Feb/2021:10:15:48 +0100] "GET /style.css HTTP/1.1" 200 718 "http://localhost:8080/" "Mozilla/5.0 (Windows NT 10.0; Win64; x64) AppleWebKit/537.36 (KHTML, like Gecko) Chrome/88.0.4324.182 Safari/537.36"
0:0:0:0:0:0:0:1 - - [25/Feb/2021:10:15:55 +0100] "GET /veranstaltungen HTTP/1.1" 302 - "http://localhost:8080/" "Mozilla/5.0 (Windows NT 10.0; Win64; x64) AppleWebKit/537.36 (KHTML, like Gecko) Chrome/88.0.4324.182 Safari/537.36"
0:0:0:0:0:0:0:1 - - [25/Feb/2021:10:15:55 +0100] "GET /login HTTP/1.1" 200 6763 "http://localhost:8080/" "Mozilla/5.0 (Windows NT 10.0; Win64; x64) AppleWebKit/537.36 (KHTML, like Gecko) Chrome/88.0.4324.182 Safari/537.36"
0:0:0:0:0:0:0:1 - - [25/Feb/2021:10:15:55 +0100] "GET /style.css HTTP/1.1" 200 718 "http://localhost:8080/login" "Mozilla/5.0 (Windows NT 10.0; Win64; x64) AppleWebKit/537.36 (KHTML, like Gecko) Chrome/88.0.4324.182 Safari/537.36"
0:0:0:0:0:0:0:1 - - [25/Feb/2021:10:15:57 +0100] "GET /neuVer HTTP/1.1" 302 - "http://localhost:8080/login" "Mozilla/5.0 (Windows NT 10.0; Win64; x64) AppleWebKit/537.36 (KHTML, like Gecko) Chrome/88.0.4324.182 Safari/537.36"
0:0:0:0:0:0:0:1 - - [25/Feb/2021:10:15:57 +0100] "GET /login HTTP/1.1" 200 6763 "http://localhost:8080/login" "Mozilla/5.0 (Windows NT 10.0; Win64; x64) AppleWebKit/537.36 (KHTML, like Gecko) Chrome/88.0.4324.182 Safari/537.36"
0:0:0:0:0:0:0:1 - - [25/Feb/2021:10:15:57 +0100] "GET /style.css HTTP/1.1" 200 718 "http://localhost:8080/login" "Mozilla/5.0 (Windows NT 10.0; Win64; x64) AppleWebKit/537.36 (KHTML, like Gecko) Chrome/88.0.4324.182 Safari/537.36"
0:0:0:0:0:0:0:1 - - [25/Feb/2021:10:15:58 +0100] "GET /suche HTTP/1.1" 302 - "http://localhost:8080/login" "Mozilla/5.0 (Windows NT 10.0; Win64; x64) AppleWebKit/537.36 (KHTML, like Gecko) Chrome/88.0.4324.182 Safari/537.36"
0:0:0:0:0:0:0:1 - - [25/Feb/2021:10:15:58 +0100] "GET /login HTTP/1.1" 200 6763 "http://localhost:8080/login" "Mozilla/5.0 (Windows NT 10.0; Win64; x64) AppleWebKit/537.36 (KHTML, like Gecko) Chrome/88.0.4324.182 Safari/537.36"
0:0:0:0:0:0:0:1 - - [25/Feb/2021:10:15:58 +0100] "GET /style.css HTTP/1.1" 200 718 "http://localhost:8080/login" "Mozilla/5.0 (Windows NT 10.0; Win64; x64) AppleWebKit/537.36 (KHTML, like Gecko) Chrome/88.0.4324.182 Safari/537.36"
0:0:0:0:0:0:0:1 - - [25/Feb/2021:10:15:58 +0100] "GET / HTTP/1.1" 200 7483 "http://localhost:8080/login" "Mozilla/5.0 (Windows NT 10.0; Win64; x64) AppleWebKit/537.36 (KHTML, like Gecko) Chrome/88.0.4324.182 Safari/537.36"
0:0:0:0:0:0:0:1 - - [25/Feb/2021:10:15:58 +0100] "GET /style.css HTTP/1.1" 200 718 "http://localhost:8080/" "Mozilla/5.0 (Windows NT 10.0; Win64; x64) AppleWebKit/537.36 (KHTML, like Gecko) Chrome/88.0.4324.182 Safari/537.36"
0:0:0:0:0:0:0:1 - - [25/Feb/2021:10:15:59 +0100] "GET / HTTP/1.1" 200 7483 "http://localhost:8080/" "Mozilla/5.0 (Windows NT 10.0; Win64; x64) AppleWebKit/537.36 (KHTML, like Gecko) Chrome/88.0.4324.182 Safari/537.36"
0:0:0:0:0:0:0:1 - - [25/Feb/2021:10:15:59 +0100] "GET /style.css HTTP/1.1" 200 718 "http://localhost:8080/" "Mozilla/5.0 (Windows NT 10.0; Win64; x64) AppleWebKit/537.36 (KHTML, like Gecko) Chrome/88.0.4324.182 Safari/537.36"
0:0:0:0:0:0:0:1 - - [25/Feb/2021:10:16:04 +0100] "GET /r/noId?roomId=A007a HTTP/1.1" 200 7425 "http://localhost:8080/" "Mozilla/5.0 (Windows NT 10.0; Win64; x64) AppleWebKit/537.36 (KHTML, like Gecko) Chrome/88.0.4324.182 Safari/537.36"
0:0:0:0:0:0:0:1 - - [25/Feb/2021:10:16:04 +0100] "GET /main.css HTTP/1.1" 200 7497 "http://localhost:8080/r/noId?roomId=A007a" "Mozilla/5.0 (Windows NT 10.0; Win64; x64) AppleWebKit/537.36 (KHTML, like Gecko) Chrome/88.0.4324.182 Safari/537.36"
0:0:0:0:0:0:0:1 - - [25/Feb/2021:10:16:04 +0100] "GET /checkInForm.js HTTP/1.1" 200 4332 "http://localhost:8080/r/noId?roomId=A007a" "Mozilla/5.0 (Windows NT 10.0; Win64; x64) AppleWebKit/537.36 (KHTML, like Gecko) Chrome/88.0.4324.182 Safari/537.36"
0:0:0:0:0:0:0:1 - - [25/Feb/2021:10:16:04 +0100] "POST /r/checkIn HTTP/1.1" 200 2531 "http://localhost:8080/r/noId?roomId=A007a" "Mozilla/5.0 (Windows NT 10.0; Win64; x64) AppleWebKit/537.36 (KHTML, like Gecko) Chrome/88.0.4324.182 Safari/537.36"
0:0:0:0:0:0:0:1 - - [25/Feb/2021:10:16:04 +0100] "GET /main.css HTTP/1.1" 200 7497 "http://localhost:8080/r/checkIn" "Mozilla/5.0 (Windows NT 10.0; Win64; x64) AppleWebKit/537.36 (KHTML, like Gecko) Chrome/88.0.4324.182 Safari/537.36"
0:0:0:0:0:0:0:1 - - [25/Feb/2021:10:16:15 +0100] "GET / HTTP/1.1" 200 7483 "http://localhost:8080/" "Mozilla/5.0 (Windows NT 10.0; Win64; x64) AppleWebKit/537.36 (KHTML, like Gecko) Chrome/88.0.4324.182 Safari/537.36"
0:0:0:0:0:0:0:1 - - [25/Feb/2021:10:16:18 +0100] "GET / HTTP/1.1" 200 7483 "http://localhost:8080/" "Mozilla/5.0 (Windows NT 10.0; Win64; x64) AppleWebKit/537.36 (KHTML, like Gecko) Chrome/88.0.4324.182 Safari/537.36"
0:0:0:0:0:0:0:1 - - [25/Feb/2021:10:16:18 +0100] "GET /style.css HTTP/1.1" 200 718 "http://localhost:8080/" "Mozilla/5.0 (Windows NT 10.0; Win64; x64) AppleWebKit/537.36 (KHTML, like Gecko) Chrome/88.0.4324.182 Safari/537.36"
0:0:0:0:0:0:0:1 - - [25/Feb/2021:10:16:19 +0100] "GET /r/noId?roomId=A007a HTTP/1.1" 200 7425 "http://localhost:8080/" "Mozilla/5.0 (Windows NT 10.0; Win64; x64) AppleWebKit/537.36 (KHTML, like Gecko) Chrome/88.0.4324.182 Safari/537.36"
0:0:0:0:0:0:0:1 - - [25/Feb/2021:10:16:19 +0100] "GET /main.css HTTP/1.1" 200 7497 "http://localhost:8080/r/noId?roomId=A007a" "Mozilla/5.0 (Windows NT 10.0; Win64; x64) AppleWebKit/537.36 (KHTML, like Gecko) Chrome/88.0.4324.182 Safari/537.36"
0:0:0:0:0:0:0:1 - - [25/Feb/2021:10:16:19 +0100] "GET /checkInForm.js HTTP/1.1" 200 4332 "http://localhost:8080/r/noId?roomId=A007a" "Mozilla/5.0 (Windows NT 10.0; Win64; x64) AppleWebKit/537.36 (KHTML, like Gecko) Chrome/88.0.4324.182 Safari/537.36"
0:0:0:0:0:0:0:1 - - [25/Feb/2021:10:16:19 +0100] "POST /r/checkIn HTTP/1.1" 200 2258 "http://localhost:8080/r/noId?roomId=A007a" "Mozilla/5.0 (Windows NT 10.0; Win64; x64) AppleWebKit/537.36 (KHTML, like Gecko) Chrome/88.0.4324.182 Safari/537.36"
0:0:0:0:0:0:0:1 - - [25/Feb/2021:10:16:19 +0100] "GET /main.css HTTP/1.1" 200 7497 "http://localhost:8080/r/checkIn" "Mozilla/5.0 (Windows NT 10.0; Win64; x64) AppleWebKit/537.36 (KHTML, like Gecko) Chrome/88.0.4324.182 Safari/537.36"
0:0:0:0:0:0:0:1 - - [25/Feb/2021:10:16:23 +0100] "GET / HTTP/1.1" 200 7483 "http://localhost:8080/r/checkIn" "Mozilla/5.0 (Windows NT 10.0; Win64; x64) AppleWebKit/537.36 (KHTML, like Gecko) Chrome/88.0.4324.182 Safari/537.36"
0:0:0:0:0:0:0:1 - - [25/Feb/2021:10:16:23 +0100] "GET /style.css HTTP/1.1" 200 718 "http://localhost:8080/" "Mozilla/5.0 (Windows NT 10.0; Win64; x64) AppleWebKit/537.36 (KHTML, like Gecko) Chrome/88.0.4324.182 Safari/537.36"
0:0:0:0:0:0:0:1 - - [25/Feb/2021:10:16:27 +0100] "GET /r/noId?roomId=A2006 HTTP/1.1" 404 7552 "http://localhost:8080/" "Mozilla/5.0 (Windows NT 10.0; Win64; x64) AppleWebKit/537.36 (KHTML, like Gecko) Chrome/88.0.4324.182 Safari/537.36"
0:0:0:0:0:0:0:1 - - [25/Feb/2021:10:16:27 +0100] "GET /style.css HTTP/1.1" 200 718 "http://localhost:8080/r/noId?roomId=A2006" "Mozilla/5.0 (Windows NT 10.0; Win64; x64) AppleWebKit/537.36 (KHTML, like Gecko) Chrome/88.0.4324.182 Safari/537.36"
0:0:0:0:0:0:0:1 - - [25/Feb/2021:10:16:33 +0100] "GET /r/noId?roomId=A007a HTTP/1.1" 200 7425 "http://localhost:8080/r/noId?roomId=A2006" "Mozilla/5.0 (Windows NT 10.0; Win64; x64) AppleWebKit/537.36 (KHTML, like Gecko) Chrome/88.0.4324.182 Safari/537.36"
0:0:0:0:0:0:0:1 - - [25/Feb/2021:10:16:33 +0100] "GET /main.css HTTP/1.1" 200 7497 "http://localhost:8080/r/noId?roomId=A007a" "Mozilla/5.0 (Windows NT 10.0; Win64; x64) AppleWebKit/537.36 (KHTML, like Gecko) Chrome/88.0.4324.182 Safari/537.36"
0:0:0:0:0:0:0:1 - - [25/Feb/2021:10:16:33 +0100] "GET /checkInForm.js HTTP/1.1" 200 4332 "http://localhost:8080/r/noId?roomId=A007a" "Mozilla/5.0 (Windows NT 10.0; Win64; x64) AppleWebKit/537.36 (KHTML, like Gecko) Chrome/88.0.4324.182 Safari/537.36"
0:0:0:0:0:0:0:1 - - [25/Feb/2021:10:16:33 +0100] "POST /r/checkIn HTTP/1.1" 200 2531 "http://localhost:8080/r/noId?roomId=A007a" "Mozilla/5.0 (Windows NT 10.0; Win64; x64) AppleWebKit/537.36 (KHTML, like Gecko) Chrome/88.0.4324.182 Safari/537.36"
0:0:0:0:0:0:0:1 - - [25/Feb/2021:10:16:33 +0100] "GET /main.css HTTP/1.1" 200 7497 "http://localhost:8080/r/checkIn" "Mozilla/5.0 (Windows NT 10.0; Win64; x64) AppleWebKit/537.36 (KHTML, like Gecko) Chrome/88.0.4324.182 Safari/537.36"
0:0:0:0:0:0:0:1 - - [25/Feb/2021:10:16:40 +0100] "POST /r/checkOut HTTP/1.1" 302 - "http://localhost:8080/r/checkIn" "Mozilla/5.0 (Windows NT 10.0; Win64; x64) AppleWebKit/537.36 (KHTML, like Gecko) Chrome/88.0.4324.182 Safari/537.36"
0:0:0:0:0:0:0:1 - - [25/Feb/2021:10:16:40 +0100] "GET /r/checkedOut HTTP/1.1" 200 2258 "http://localhost:8080/r/checkIn" "Mozilla/5.0 (Windows NT 10.0; Win64; x64) AppleWebKit/537.36 (KHTML, like Gecko) Chrome/88.0.4324.182 Safari/537.36"
0:0:0:0:0:0:0:1 - - [25/Feb/2021:10:16:40 +0100] "GET /main.css HTTP/1.1" 200 7497 "http://localhost:8080/r/checkedOut" "Mozilla/5.0 (Windows NT 10.0; Win64; x64) AppleWebKit/537.36 (KHTML, like Gecko) Chrome/88.0.4324.182 Safari/537.36"
0:0:0:0:0:0:0:1 - - [25/Feb/2021:10:16:46 +0100] "GET / HTTP/1.1" 200 7483 "http://localhost:8080/r/checkedOut" "Mozilla/5.0 (Windows NT 10.0; Win64; x64) AppleWebKit/537.36 (KHTML, like Gecko) Chrome/88.0.4324.182 Safari/537.36"
0:0:0:0:0:0:0:1 - - [25/Feb/2021:10:16:46 +0100] "GET /style.css HTTP/1.1" 200 718 "http://localhost:8080/" "Mozilla/5.0 (Windows NT 10.0; Win64; x64) AppleWebKit/537.36 (KHTML, like Gecko) Chrome/88.0.4324.182 Safari/537.36"
0:0:0:0:0:0:0:1 - - [25/Feb/2021:10:16:56 +0100] "GET /login HTTP/1.1" 200 6763 "http://localhost:8080/" "Mozilla/5.0 (Windows NT 10.0; Win64; x64) AppleWebKit/537.36 (KHTML, like Gecko) Chrome/88.0.4324.182 Safari/537.36"
0:0:0:0:0:0:0:1 - - [25/Feb/2021:10:16:56 +0100] "GET /style.css HTTP/1.1" 200 718 "http://localhost:8080/login" "Mozilla/5.0 (Windows NT 10.0; Win64; x64) AppleWebKit/537.36 (KHTML, like Gecko) Chrome/88.0.4324.182 Safari/537.36"
0:0:0:0:0:0:0:1 - - [25/Feb/2021:10:17:02 +0100] "POST /login HTTP/1.1" 302 - "http://localhost:8080/login" "Mozilla/5.0 (Windows NT 10.0; Win64; x64) AppleWebKit/537.36 (KHTML, like Gecko) Chrome/88.0.4324.182 Safari/537.36"
0:0:0:0:0:0:0:1 - - [25/Feb/2021:10:17:02 +0100] "GET /suche HTTP/1.1" 200 6522 "http://localhost:8080/login" "Mozilla/5.0 (Windows NT 10.0; Win64; x64) AppleWebKit/537.36 (KHTML, like Gecko) Chrome/88.0.4324.182 Safari/537.36"
0:0:0:0:0:0:0:1 - - [25/Feb/2021:10:17:02 +0100] "GET /style.css HTTP/1.1" 200 718 "http://localhost:8080/suche" "Mozilla/5.0 (Windows NT 10.0; Win64; x64) AppleWebKit/537.36 (KHTML, like Gecko) Chrome/88.0.4324.182 Safari/537.36"
0:0:0:0:0:0:0:1 - - [25/Feb/2021:10:17:06 +0100] "GET /neuVer HTTP/1.1" 200 7783 "http://localhost:8080/suche" "Mozilla/5.0 (Windows NT 10.0; Win64; x64) AppleWebKit/537.36 (KHTML, like Gecko) Chrome/88.0.4324.182 Safari/537.36"
0:0:0:0:0:0:0:1 - - [25/Feb/2021:10:17:06 +0100] "GET /style.css HTTP/1.1" 200 718 "http://localhost:8080/neuVer" "Mozilla/5.0 (Windows NT 10.0; Win64; x64) AppleWebKit/537.36 (KHTML, like Gecko) Chrome/88.0.4324.182 Safari/537.36"
0:0:0:0:0:0:0:1 - - [25/Feb/2021:10:17:07 +0100] "GET /veranstaltungen HTTP/1.1" 200 7020 "http://localhost:8080/neuVer" "Mozilla/5.0 (Windows NT 10.0; Win64; x64) AppleWebKit/537.36 (KHTML, like Gecko) Chrome/88.0.4324.182 Safari/537.36"
0:0:0:0:0:0:0:1 - - [25/Feb/2021:10:17:07 +0100] "GET /style.css HTTP/1.1" 200 718 "http://localhost:8080/veranstaltungen" "Mozilla/5.0 (Windows NT 10.0; Win64; x64) AppleWebKit/537.36 (KHTML, like Gecko) Chrome/88.0.4324.182 Safari/537.36"
0:0:0:0:0:0:0:1 - - [25/Feb/2021:10:17:09 +0100] "GET / HTTP/1.1" 200 7647 "http://localhost:8080/veranstaltungen" "Mozilla/5.0 (Windows NT 10.0; Win64; x64) AppleWebKit/537.36 (KHTML, like Gecko) Chrome/88.0.4324.182 Safari/537.36"
0:0:0:0:0:0:0:1 - - [25/Feb/2021:10:17:09 +0100] "GET /style.css HTTP/1.1" 200 718 "http://localhost:8080/" "Mozilla/5.0 (Windows NT 10.0; Win64; x64) AppleWebKit/537.36 (KHTML, like Gecko) Chrome/88.0.4324.182 Safari/537.36"
0:0:0:0:0:0:0:1 - - [25/Feb/2021:10:17:14 +0100] "GET /r/noId?roomId=A007a HTTP/1.1" 200 7425 "http://localhost:8080/" "Mozilla/5.0 (Windows NT 10.0; Win64; x64) AppleWebKit/537.36 (KHTML, like Gecko) Chrome/88.0.4324.182 Safari/537.36"
0:0:0:0:0:0:0:1 - - [25/Feb/2021:10:17:14 +0100] "GET /main.css HTTP/1.1" 200 7497 "http://localhost:8080/r/noId?roomId=A007a" "Mozilla/5.0 (Windows NT 10.0; Win64; x64) AppleWebKit/537.36 (KHTML, like Gecko) Chrome/88.0.4324.182 Safari/537.36"
0:0:0:0:0:0:0:1 - - [25/Feb/2021:10:17:14 +0100] "GET /checkInForm.js HTTP/1.1" 200 4332 "http://localhost:8080/r/noId?roomId=A007a" "Mozilla/5.0 (Windows NT 10.0; Win64; x64) AppleWebKit/537.36 (KHTML, like Gecko) Chrome/88.0.4324.182 Safari/537.36"
0:0:0:0:0:0:0:1 - - [25/Feb/2021:10:17:14 +0100] "POST /r/checkIn HTTP/1.1" 200 2531 "http://localhost:8080/r/noId?roomId=A007a" "Mozilla/5.0 (Windows NT 10.0; Win64; x64) AppleWebKit/537.36 (KHTML, like Gecko) Chrome/88.0.4324.182 Safari/537.36"
0:0:0:0:0:0:0:1 - - [25/Feb/2021:10:17:14 +0100] "GET /main.css HTTP/1.1" 200 7497 "http://localhost:8080/r/checkIn" "Mozilla/5.0 (Windows NT 10.0; Win64; x64) AppleWebKit/537.36 (KHTML, like Gecko) Chrome/88.0.4324.182 Safari/537.36"
0:0:0:0:0:0:0:1 - - [25/Feb/2021:10:17:16 +0100] "POST /r/checkOut HTTP/1.1" 302 - "http://localhost:8080/r/checkIn" "Mozilla/5.0 (Windows NT 10.0; Win64; x64) AppleWebKit/537.36 (KHTML, like Gecko) Chrome/88.0.4324.182 Safari/537.36"
0:0:0:0:0:0:0:1 - - [25/Feb/2021:10:17:16 +0100] "GET /r/checkedOut HTTP/1.1" 200 2258 "http://localhost:8080/r/checkIn" "Mozilla/5.0 (Windows NT 10.0; Win64; x64) AppleWebKit/537.36 (KHTML, like Gecko) Chrome/88.0.4324.182 Safari/537.36"
0:0:0:0:0:0:0:1 - - [25/Feb/2021:10:17:16 +0100] "GET /main.css HTTP/1.1" 200 7497 "http://localhost:8080/r/checkedOut" "Mozilla/5.0 (Windows NT 10.0; Win64; x64) AppleWebKit/537.36 (KHTML, like Gecko) Chrome/88.0.4324.182 Safari/537.36"
0:0:0:0:0:0:0:1 - - [25/Feb/2021:10:17:18 +0100] "GET / HTTP/1.1" 200 7647 "http://localhost:8080/r/checkedOut" "Mozilla/5.0 (Windows NT 10.0; Win64; x64) AppleWebKit/537.36 (KHTML, like Gecko) Chrome/88.0.4324.182 Safari/537.36"
0:0:0:0:0:0:0:1 - - [25/Feb/2021:10:17:18 +0100] "GET /style.css HTTP/1.1" 200 718 "http://localhost:8080/" "Mozilla/5.0 (Windows NT 10.0; Win64; x64) AppleWebKit/537.36 (KHTML, like Gecko) Chrome/88.0.4324.182 Safari/537.36"
0:0:0:0:0:0:0:1 - - [25/Feb/2021:10:43:00 +0100] "GET / HTTP/1.1" 200 7483 "http://localhost:8080/r/checkedOut" "Mozilla/5.0 (Windows NT 10.0; Win64; x64) AppleWebKit/537.36 (KHTML, like Gecko) Chrome/88.0.4324.182 Safari/537.36"
0:0:0:0:0:0:0:1 - - [25/Feb/2021:10:43:00 +0100] "GET /style.css HTTP/1.1" 200 718 "http://localhost:8080/" "Mozilla/5.0 (Windows NT 10.0; Win64; x64) AppleWebKit/537.36 (KHTML, like Gecko) Chrome/88.0.4324.182 Safari/537.36"
0:0:0:0:0:0:0:1 - - [25/Feb/2021:10:44:09 +0100] "GET / HTTP/1.1" 200 7483 "http://localhost:8080/r/checkedOut" "Mozilla/5.0 (Windows NT 10.0; Win64; x64) AppleWebKit/537.36 (KHTML, like Gecko) Chrome/88.0.4324.182 Safari/537.36"
0:0:0:0:0:0:0:1 - - [25/Feb/2021:10:44:09 +0100] "GET /style.css HTTP/1.1" 200 718 "http://localhost:8080/" "Mozilla/5.0 (Windows NT 10.0; Win64; x64) AppleWebKit/537.36 (KHTML, like Gecko) Chrome/88.0.4324.182 Safari/537.36"
0:0:0:0:0:0:0:1 - - [25/Feb/2021:10:44:26 +0100] "GET / HTTP/1.1" 200 7483 "http://localhost:8080/r/checkedOut" "Mozilla/5.0 (Windows NT 10.0; Win64; x64) AppleWebKit/537.36 (KHTML, like Gecko) Chrome/88.0.4324.182 Safari/537.36"
0:0:0:0:0:0:0:1 - - [25/Feb/2021:10:44:26 +0100] "GET /style.css HTTP/1.1" 200 718 "http://localhost:8080/" "Mozilla/5.0 (Windows NT 10.0; Win64; x64) AppleWebKit/537.36 (KHTML, like Gecko) Chrome/88.0.4324.182 Safari/537.36"
0:0:0:0:0:0:0:1 - - [25/Feb/2021:10:44:30 +0100] "GET / HTTP/1.1" 200 7483 "http://localhost:8080/r/checkedOut" "Mozilla/5.0 (Windows NT 10.0; Win64; x64) AppleWebKit/537.36 (KHTML, like Gecko) Chrome/88.0.4324.182 Safari/537.36"
0:0:0:0:0:0:0:1 - - [25/Feb/2021:10:44:30 +0100] "GET /style.css HTTP/1.1" 200 718 "http://localhost:8080/" "Mozilla/5.0 (Windows NT 10.0; Win64; x64) AppleWebKit/537.36 (KHTML, like Gecko) Chrome/88.0.4324.182 Safari/537.36"
0:0:0:0:0:0:0:1 - - [25/Feb/2021:10:45:00 +0100] "GET /r/noId?roomId=test HTTP/1.1" 200 7658 "http://localhost:8080/" "Mozilla/5.0 (Windows NT 10.0; Win64; x64) AppleWebKit/537.36 (KHTML, like Gecko) Chrome/88.0.4324.182 Safari/537.36"
0:0:0:0:0:0:0:1 - - [25/Feb/2021:10:45:00 +0100] "GET /checkInForm.js HTTP/1.1" 200 4888 "http://localhost:8080/r/noId?roomId=test" "Mozilla/5.0 (Windows NT 10.0; Win64; x64) AppleWebKit/537.36 (KHTML, like Gecko) Chrome/88.0.4324.182 Safari/537.36"
0:0:0:0:0:0:0:1 - - [25/Feb/2021:10:45:00 +0100] "GET /main.css HTTP/1.1" 200 7533 "http://localhost:8080/r/noId?roomId=test" "Mozilla/5.0 (Windows NT 10.0; Win64; x64) AppleWebKit/537.36 (KHTML, like Gecko) Chrome/88.0.4324.182 Safari/537.36"
0:0:0:0:0:0:0:1 - - [25/Feb/2021:10:45:00 +0100] "POST /r/checkIn HTTP/1.1" 200 2619 "http://localhost:8080/r/noId?roomId=test" "Mozilla/5.0 (Windows NT 10.0; Win64; x64) AppleWebKit/537.36 (KHTML, like Gecko) Chrome/88.0.4324.182 Safari/537.36"
0:0:0:0:0:0:0:1 - - [25/Feb/2021:10:45:00 +0100] "GET /main.css HTTP/1.1" 200 7533 "http://localhost:8080/r/checkIn" "Mozilla/5.0 (Windows NT 10.0; Win64; x64) AppleWebKit/537.36 (KHTML, like Gecko) Chrome/88.0.4324.182 Safari/537.36"
0:0:0:0:0:0:0:1 - - [25/Feb/2021:10:45:10 +0100] "GET / HTTP/1.1" 200 7483 "http://localhost:8080/r/checkedOut" "Mozilla/5.0 (Windows NT 10.0; Win64; x64) AppleWebKit/537.36 (KHTML, like Gecko) Chrome/88.0.4324.182 Safari/537.36"
0:0:0:0:0:0:0:1 - - [25/Feb/2021:10:45:10 +0100] "GET /style.css HTTP/1.1" 200 718 "http://localhost:8080/" "Mozilla/5.0 (Windows NT 10.0; Win64; x64) AppleWebKit/537.36 (KHTML, like Gecko) Chrome/88.0.4324.182 Safari/537.36"
0:0:0:0:0:0:0:1 - - [25/Feb/2021:10:45:11 +0100] "GET /r/noId?roomId=test HTTP/1.1" 200 7658 "http://localhost:8080/" "Mozilla/5.0 (Windows NT 10.0; Win64; x64) AppleWebKit/537.36 (KHTML, like Gecko) Chrome/88.0.4324.182 Safari/537.36"
0:0:0:0:0:0:0:1 - - [25/Feb/2021:10:45:11 +0100] "GET /main.css HTTP/1.1" 200 7533 "http://localhost:8080/r/noId?roomId=test" "Mozilla/5.0 (Windows NT 10.0; Win64; x64) AppleWebKit/537.36 (KHTML, like Gecko) Chrome/88.0.4324.182 Safari/537.36"
0:0:0:0:0:0:0:1 - - [25/Feb/2021:10:45:11 +0100] "GET /checkInForm.js HTTP/1.1" 200 4888 "http://localhost:8080/r/noId?roomId=test" "Mozilla/5.0 (Windows NT 10.0; Win64; x64) AppleWebKit/537.36 (KHTML, like Gecko) Chrome/88.0.4324.182 Safari/537.36"
0:0:0:0:0:0:0:1 - - [25/Feb/2021:10:45:11 +0100] "POST /r/checkIn HTTP/1.1" 200 2347 "http://localhost:8080/r/noId?roomId=test" "Mozilla/5.0 (Windows NT 10.0; Win64; x64) AppleWebKit/537.36 (KHTML, like Gecko) Chrome/88.0.4324.182 Safari/537.36"
0:0:0:0:0:0:0:1 - - [25/Feb/2021:10:45:11 +0100] "GET /main.css HTTP/1.1" 200 7533 "http://localhost:8080/r/checkIn" "Mozilla/5.0 (Windows NT 10.0; Win64; x64) AppleWebKit/537.36 (KHTML, like Gecko) Chrome/88.0.4324.182 Safari/537.36"
0:0:0:0:0:0:0:1 - - [25/Feb/2021:10:45:14 +0100] "GET / HTTP/1.1" 200 7483 "http://localhost:8080/r/checkIn" "Mozilla/5.0 (Windows NT 10.0; Win64; x64) AppleWebKit/537.36 (KHTML, like Gecko) Chrome/88.0.4324.182 Safari/537.36"
0:0:0:0:0:0:0:1 - - [25/Feb/2021:10:45:14 +0100] "GET /style.css HTTP/1.1" 200 718 "http://localhost:8080/" "Mozilla/5.0 (Windows NT 10.0; Win64; x64) AppleWebKit/537.36 (KHTML, like Gecko) Chrome/88.0.4324.182 Safari/537.36"
0:0:0:0:0:0:0:1 - - [25/Feb/2021:10:45:19 +0100] "GET /style.css HTTP/1.1" 200 718 "http://localhost:8080/" "Mozilla/5.0 (Windows NT 10.0; Win64; x64) AppleWebKit/537.36 (KHTML, like Gecko) Chrome/88.0.4324.182 Safari/537.36"
0:0:0:0:0:0:0:1 - - [25/Feb/2021:10:48:03 +0100] "GET / HTTP/1.1" 200 7483 "http://localhost:8080/r/checkIn" "Mozilla/5.0 (Windows NT 10.0; Win64; x64) AppleWebKit/537.36 (KHTML, like Gecko) Chrome/88.0.4324.182 Safari/537.36"
0:0:0:0:0:0:0:1 - - [25/Feb/2021:10:48:03 +0100] "GET /style.css HTTP/1.1" 200 718 "http://localhost:8080/" "Mozilla/5.0 (Windows NT 10.0; Win64; x64) AppleWebKit/537.36 (KHTML, like Gecko) Chrome/88.0.4324.182 Safari/537.36"
0:0:0:0:0:0:0:1 - - [25/Feb/2021:10:48:13 +0100] "GET / HTTP/1.1" 200 7483 "http://localhost:8080/r/checkIn" "Mozilla/5.0 (Windows NT 10.0; Win64; x64) AppleWebKit/537.36 (KHTML, like Gecko) Chrome/88.0.4324.182 Safari/537.36"
0:0:0:0:0:0:0:1 - - [25/Feb/2021:10:48:13 +0100] "GET /style.css HTTP/1.1" 200 718 "http://localhost:8080/" "Mozilla/5.0 (Windows NT 10.0; Win64; x64) AppleWebKit/537.36 (KHTML, like Gecko) Chrome/88.0.4324.182 Safari/537.36"
0:0:0:0:0:0:0:1 - - [25/Feb/2021:10:48:15 +0100] "GET /datenschutz HTTP/1.1" 200 11474 "http://localhost:8080/" "Mozilla/5.0 (Windows NT 10.0; Win64; x64) AppleWebKit/537.36 (KHTML, like Gecko) Chrome/88.0.4324.182 Safari/537.36"
0:0:0:0:0:0:0:1 - - [25/Feb/2021:10:48:15 +0100] "GET /style.css HTTP/1.1" 200 718 "http://localhost:8080/datenschutz" "Mozilla/5.0 (Windows NT 10.0; Win64; x64) AppleWebKit/537.36 (KHTML, like Gecko) Chrome/88.0.4324.182 Safari/537.36"
0:0:0:0:0:0:0:1 - - [25/Feb/2021:10:48:17 +0100] "GET / HTTP/1.1" 200 7483 "http://localhost:8080/r/checkIn" "Mozilla/5.0 (Windows NT 10.0; Win64; x64) AppleWebKit/537.36 (KHTML, like Gecko) Chrome/88.0.4324.182 Safari/537.36"
0:0:0:0:0:0:0:1 - - [25/Feb/2021:10:48:17 +0100] "GET /style.css HTTP/1.1" 200 718 "http://localhost:8080/" "Mozilla/5.0 (Windows NT 10.0; Win64; x64) AppleWebKit/537.36 (KHTML, like Gecko) Chrome/88.0.4324.182 Safari/537.36"
0:0:0:0:0:0:0:1 - - [25/Feb/2021:10:48:19 +0100] "GET /style.css HTTP/1.1" 200 718 "http://localhost:8080/" "Mozilla/5.0 (Windows NT 10.0; Win64; x64) AppleWebKit/537.36 (KHTML, like Gecko) Chrome/88.0.4324.182 Safari/537.36"
0:0:0:0:0:0:0:1 - - [25/Feb/2021:10:48:39 +0100] "GET / HTTP/1.1" 200 7483 "-" "Mozilla/5.0 (Windows NT 10.0; Win64; x64) AppleWebKit/537.36 (KHTML, like Gecko) Chrome/88.0.4324.182 Safari/537.36"
0:0:0:0:0:0:0:1 - - [25/Feb/2021:10:48:39 +0100] "GET /favicon.ico HTTP/1.1" 404 7552 "http://localhost:8080/" "Mozilla/5.0 (Windows NT 10.0; Win64; x64) AppleWebKit/537.36 (KHTML, like Gecko) Chrome/88.0.4324.182 Safari/537.36"
0:0:0:0:0:0:0:1 - - [25/Feb/2021:10:52:30 +0100] "GET / HTTP/1.1" 200 7566 "http://localhost:8080/r/checkIn" "Mozilla/5.0 (Windows NT 10.0; Win64; x64) AppleWebKit/537.36 (KHTML, like Gecko) Chrome/88.0.4324.182 Safari/537.36"
0:0:0:0:0:0:0:1 - - [25/Feb/2021:10:52:30 +0100] "GET /style.css HTTP/1.1" 200 718 "http://localhost:8080/" "Mozilla/5.0 (Windows NT 10.0; Win64; x64) AppleWebKit/537.36 (KHTML, like Gecko) Chrome/88.0.4324.182 Safari/537.36"
0:0:0:0:0:0:0:1 - - [25/Feb/2021:10:52:34 +0100] "GET / HTTP/1.1" 200 7566 "http://localhost:8080/r/checkIn" "Mozilla/5.0 (Windows NT 10.0; Win64; x64) AppleWebKit/537.36 (KHTML, like Gecko) Chrome/88.0.4324.182 Safari/537.36"
0:0:0:0:0:0:0:1 - - [25/Feb/2021:10:52:34 +0100] "GET /style.css HTTP/1.1" 200 718 "http://localhost:8080/" "Mozilla/5.0 (Windows NT 10.0; Win64; x64) AppleWebKit/537.36 (KHTML, like Gecko) Chrome/88.0.4324.182 Safari/537.36"
0:0:0:0:0:0:0:1 - - [25/Feb/2021:10:52:45 +0100] "GET /r/noId?roomId=test HTTP/1.1" 200 7663 "http://localhost:8080/" "Mozilla/5.0 (Windows NT 10.0; Win64; x64) AppleWebKit/537.36 (KHTML, like Gecko) Chrome/88.0.4324.182 Safari/537.36"
0:0:0:0:0:0:0:1 - - [25/Feb/2021:10:52:45 +0100] "GET /checkInForm.js HTTP/1.1" 200 4888 "http://localhost:8080/r/noId?roomId=test" "Mozilla/5.0 (Windows NT 10.0; Win64; x64) AppleWebKit/537.36 (KHTML, like Gecko) Chrome/88.0.4324.182 Safari/537.36"
0:0:0:0:0:0:0:1 - - [25/Feb/2021:10:52:45 +0100] "GET /main.css HTTP/1.1" 200 7533 "http://localhost:8080/r/noId?roomId=test" "Mozilla/5.0 (Windows NT 10.0; Win64; x64) AppleWebKit/537.36 (KHTML, like Gecko) Chrome/88.0.4324.182 Safari/537.36"
0:0:0:0:0:0:0:1 - - [25/Feb/2021:10:52:45 +0100] "POST /r/checkIn HTTP/1.1" 200 2624 "http://localhost:8080/r/noId?roomId=test" "Mozilla/5.0 (Windows NT 10.0; Win64; x64) AppleWebKit/537.36 (KHTML, like Gecko) Chrome/88.0.4324.182 Safari/537.36"
0:0:0:0:0:0:0:1 - - [25/Feb/2021:10:52:45 +0100] "GET /main.css HTTP/1.1" 200 7533 "http://localhost:8080/r/checkIn" "Mozilla/5.0 (Windows NT 10.0; Win64; x64) AppleWebKit/537.36 (KHTML, like Gecko) Chrome/88.0.4324.182 Safari/537.36"
0:0:0:0:0:0:0:1 - - [25/Feb/2021:10:52:48 +0100] "POST /r/checkOut HTTP/1.1" 302 - "http://localhost:8080/r/checkIn" "Mozilla/5.0 (Windows NT 10.0; Win64; x64) AppleWebKit/537.36 (KHTML, like Gecko) Chrome/88.0.4324.182 Safari/537.36"
0:0:0:0:0:0:0:1 - - [25/Feb/2021:10:52:48 +0100] "GET /r/checkedOut HTTP/1.1" 200 2352 "http://localhost:8080/r/checkIn" "Mozilla/5.0 (Windows NT 10.0; Win64; x64) AppleWebKit/537.36 (KHTML, like Gecko) Chrome/88.0.4324.182 Safari/537.36"
0:0:0:0:0:0:0:1 - - [25/Feb/2021:10:52:48 +0100] "GET /main.css HTTP/1.1" 200 7533 "http://localhost:8080/r/checkedOut" "Mozilla/5.0 (Windows NT 10.0; Win64; x64) AppleWebKit/537.36 (KHTML, like Gecko) Chrome/88.0.4324.182 Safari/537.36"
0:0:0:0:0:0:0:1 - - [25/Feb/2021:10:52:52 +0100] "GET / HTTP/1.1" 200 7566 "http://localhost:8080/r/checkedOut" "Mozilla/5.0 (Windows NT 10.0; Win64; x64) AppleWebKit/537.36 (KHTML, like Gecko) Chrome/88.0.4324.182 Safari/537.36"
0:0:0:0:0:0:0:1 - - [25/Feb/2021:10:52:52 +0100] "GET /style.css HTTP/1.1" 200 718 "http://localhost:8080/" "Mozilla/5.0 (Windows NT 10.0; Win64; x64) AppleWebKit/537.36 (KHTML, like Gecko) Chrome/88.0.4324.182 Safari/537.36"
0:0:0:0:0:0:0:1 - - [25/Feb/2021:10:53:06 +0100] "GET / HTTP/1.1" 200 7566 "-" "Mozilla/5.0 (Windows NT 10.0; Win64; x64) AppleWebKit/537.36 (KHTML, like Gecko) Chrome/88.0.4324.182 Safari/537.36"
0:0:0:0:0:0:0:1 - - [25/Feb/2021:10:53:06 +0100] "GET /style.css HTTP/1.1" 200 718 "http://localhost:8080/" "Mozilla/5.0 (Windows NT 10.0; Win64; x64) AppleWebKit/537.36 (KHTML, like Gecko) Chrome/88.0.4324.182 Safari/537.36"
0:0:0:0:0:0:0:1 - - [25/Feb/2021:10:53:10 +0100] "GET /r/noId?roomId=test HTTP/1.1" 200 7663 "http://localhost:8080/" "Mozilla/5.0 (Windows NT 10.0; Win64; x64) AppleWebKit/537.36 (KHTML, like Gecko) Chrome/88.0.4324.182 Safari/537.36"
0:0:0:0:0:0:0:1 - - [25/Feb/2021:10:53:10 +0100] "GET /main.css HTTP/1.1" 200 7533 "http://localhost:8080/r/noId?roomId=test" "Mozilla/5.0 (Windows NT 10.0; Win64; x64) AppleWebKit/537.36 (KHTML, like Gecko) Chrome/88.0.4324.182 Safari/537.36"
0:0:0:0:0:0:0:1 - - [25/Feb/2021:10:53:10 +0100] "GET /checkInForm.js HTTP/1.1" 200 4888 "http://localhost:8080/r/noId?roomId=test" "Mozilla/5.0 (Windows NT 10.0; Win64; x64) AppleWebKit/537.36 (KHTML, like Gecko) Chrome/88.0.4324.182 Safari/537.36"
0:0:0:0:0:0:0:1 - - [25/Feb/2021:10:53:24 +0100] "POST /r/checkIn HTTP/1.1" 200 2617 "http://localhost:8080/r/noId?roomId=test" "Mozilla/5.0 (Windows NT 10.0; Win64; x64) AppleWebKit/537.36 (KHTML, like Gecko) Chrome/88.0.4324.182 Safari/537.36"
0:0:0:0:0:0:0:1 - - [25/Feb/2021:10:53:24 +0100] "GET /main.css HTTP/1.1" 200 7533 "http://localhost:8080/r/checkIn" "Mozilla/5.0 (Windows NT 10.0; Win64; x64) AppleWebKit/537.36 (KHTML, like Gecko) Chrome/88.0.4324.182 Safari/537.36"
0:0:0:0:0:0:0:1 - - [25/Feb/2021:10:53:29 +0100] "GET /r/noId?roomId=test HTTP/1.1" 200 7663 "http://localhost:8080/" "Mozilla/5.0 (Windows NT 10.0; Win64; x64) AppleWebKit/537.36 (KHTML, like Gecko) Chrome/88.0.4324.182 Safari/537.36"
0:0:0:0:0:0:0:1 - - [25/Feb/2021:10:53:29 +0100] "GET /main.css HTTP/1.1" 200 7533 "http://localhost:8080/r/noId?roomId=test" "Mozilla/5.0 (Windows NT 10.0; Win64; x64) AppleWebKit/537.36 (KHTML, like Gecko) Chrome/88.0.4324.182 Safari/537.36"
0:0:0:0:0:0:0:1 - - [25/Feb/2021:10:53:29 +0100] "GET /checkInForm.js HTTP/1.1" 200 4888 "http://localhost:8080/r/noId?roomId=test" "Mozilla/5.0 (Windows NT 10.0; Win64; x64) AppleWebKit/537.36 (KHTML, like Gecko) Chrome/88.0.4324.182 Safari/537.36"
0:0:0:0:0:0:0:1 - - [25/Feb/2021:10:53:29 +0100] "POST /r/checkIn HTTP/1.1" 200 2624 "http://localhost:8080/r/noId?roomId=test" "Mozilla/5.0 (Windows NT 10.0; Win64; x64) AppleWebKit/537.36 (KHTML, like Gecko) Chrome/88.0.4324.182 Safari/537.36"
0:0:0:0:0:0:0:1 - - [25/Feb/2021:10:53:29 +0100] "GET /main.css HTTP/1.1" 200 7533 "http://localhost:8080/r/checkIn" "Mozilla/5.0 (Windows NT 10.0; Win64; x64) AppleWebKit/537.36 (KHTML, like Gecko) Chrome/88.0.4324.182 Safari/537.36"
0:0:0:0:0:0:0:1 - - [25/Feb/2021:10:53:53 +0100] "POST /r/checkOut HTTP/1.1" 302 - "http://localhost:8080/r/checkIn" "Mozilla/5.0 (Windows NT 10.0; Win64; x64) AppleWebKit/537.36 (KHTML, like Gecko) Chrome/88.0.4324.182 Safari/537.36"
0:0:0:0:0:0:0:1 - - [25/Feb/2021:10:53:53 +0100] "GET /r/checkedOut HTTP/1.1" 200 2352 "http://localhost:8080/r/checkIn" "Mozilla/5.0 (Windows NT 10.0; Win64; x64) AppleWebKit/537.36 (KHTML, like Gecko) Chrome/88.0.4324.182 Safari/537.36"
0:0:0:0:0:0:0:1 - - [25/Feb/2021:10:53:53 +0100] "GET /main.css HTTP/1.1" 200 7533 "http://localhost:8080/r/checkedOut" "Mozilla/5.0 (Windows NT 10.0; Win64; x64) AppleWebKit/537.36 (KHTML, like Gecko) Chrome/88.0.4324.182 Safari/537.36"
0:0:0:0:0:0:0:1 - - [25/Feb/2021:10:53:54 +0100] "GET / HTTP/1.1" 200 7566 "http://localhost:8080/r/checkedOut" "Mozilla/5.0 (Windows NT 10.0; Win64; x64) AppleWebKit/537.36 (KHTML, like Gecko) Chrome/88.0.4324.182 Safari/537.36"
0:0:0:0:0:0:0:1 - - [25/Feb/2021:10:53:54 +0100] "GET /style.css HTTP/1.1" 200 718 "http://localhost:8080/" "Mozilla/5.0 (Windows NT 10.0; Win64; x64) AppleWebKit/537.36 (KHTML, like Gecko) Chrome/88.0.4324.182 Safari/537.36"
0:0:0:0:0:0:0:1 - - [25/Feb/2021:10:53:58 +0100] "GET /r/noId?roomId=A007a HTTP/1.1" 200 7669 "http://localhost:8080/" "Mozilla/5.0 (Windows NT 10.0; Win64; x64) AppleWebKit/537.36 (KHTML, like Gecko) Chrome/88.0.4324.182 Safari/537.36"
0:0:0:0:0:0:0:1 - - [25/Feb/2021:10:53:58 +0100] "GET /main.css HTTP/1.1" 200 7533 "http://localhost:8080/r/noId?roomId=A007a" "Mozilla/5.0 (Windows NT 10.0; Win64; x64) AppleWebKit/537.36 (KHTML, like Gecko) Chrome/88.0.4324.182 Safari/537.36"
0:0:0:0:0:0:0:1 - - [25/Feb/2021:10:53:58 +0100] "GET /checkInForm.js HTTP/1.1" 200 4888 "http://localhost:8080/r/noId?roomId=A007a" "Mozilla/5.0 (Windows NT 10.0; Win64; x64) AppleWebKit/537.36 (KHTML, like Gecko) Chrome/88.0.4324.182 Safari/537.36"
0:0:0:0:0:0:0:1 - - [25/Feb/2021:10:53:58 +0100] "POST /r/checkIn HTTP/1.1" 200 2625 "http://localhost:8080/r/noId?roomId=A007a" "Mozilla/5.0 (Windows NT 10.0; Win64; x64) AppleWebKit/537.36 (KHTML, like Gecko) Chrome/88.0.4324.182 Safari/537.36"
0:0:0:0:0:0:0:1 - - [25/Feb/2021:10:53:58 +0100] "GET /main.css HTTP/1.1" 200 7533 "http://localhost:8080/r/checkIn" "Mozilla/5.0 (Windows NT 10.0; Win64; x64) AppleWebKit/537.36 (KHTML, like Gecko) Chrome/88.0.4324.182 Safari/537.36"
0:0:0:0:0:0:0:1 - - [25/Feb/2021:10:54:01 +0100] "POST /r/checkOut HTTP/1.1" 302 - "http://localhost:8080/r/checkIn" "Mozilla/5.0 (Windows NT 10.0; Win64; x64) AppleWebKit/537.36 (KHTML, like Gecko) Chrome/88.0.4324.182 Safari/537.36"
0:0:0:0:0:0:0:1 - - [25/Feb/2021:10:54:01 +0100] "GET /r/checkedOut HTTP/1.1" 200 2352 "http://localhost:8080/r/checkIn" "Mozilla/5.0 (Windows NT 10.0; Win64; x64) AppleWebKit/537.36 (KHTML, like Gecko) Chrome/88.0.4324.182 Safari/537.36"
0:0:0:0:0:0:0:1 - - [25/Feb/2021:10:54:01 +0100] "GET /main.css HTTP/1.1" 200 7533 "http://localhost:8080/r/checkedOut" "Mozilla/5.0 (Windows NT 10.0; Win64; x64) AppleWebKit/537.36 (KHTML, like Gecko) Chrome/88.0.4324.182 Safari/537.36"
0:0:0:0:0:0:0:1 - - [25/Feb/2021:10:54:02 +0100] "GET / HTTP/1.1" 200 7566 "http://localhost:8080/r/checkedOut" "Mozilla/5.0 (Windows NT 10.0; Win64; x64) AppleWebKit/537.36 (KHTML, like Gecko) Chrome/88.0.4324.182 Safari/537.36"
0:0:0:0:0:0:0:1 - - [25/Feb/2021:10:54:02 +0100] "GET /style.css HTTP/1.1" 200 718 "http://localhost:8080/" "Mozilla/5.0 (Windows NT 10.0; Win64; x64) AppleWebKit/537.36 (KHTML, like Gecko) Chrome/88.0.4324.182 Safari/537.36"
0:0:0:0:0:0:0:1 - - [25/Feb/2021:10:54:05 +0100] "GET /r/noId?roomId=A007a HTTP/1.1" 200 7669 "http://localhost:8080/" "Mozilla/5.0 (Windows NT 10.0; Win64; x64) AppleWebKit/537.36 (KHTML, like Gecko) Chrome/88.0.4324.182 Safari/537.36"
0:0:0:0:0:0:0:1 - - [25/Feb/2021:10:54:05 +0100] "GET /main.css HTTP/1.1" 200 7533 "http://localhost:8080/r/noId?roomId=A007a" "Mozilla/5.0 (Windows NT 10.0; Win64; x64) AppleWebKit/537.36 (KHTML, like Gecko) Chrome/88.0.4324.182 Safari/537.36"
0:0:0:0:0:0:0:1 - - [25/Feb/2021:10:54:05 +0100] "GET /checkInForm.js HTTP/1.1" 200 4888 "http://localhost:8080/r/noId?roomId=A007a" "Mozilla/5.0 (Windows NT 10.0; Win64; x64) AppleWebKit/537.36 (KHTML, like Gecko) Chrome/88.0.4324.182 Safari/537.36"
0:0:0:0:0:0:0:1 - - [25/Feb/2021:10:54:10 +0100] "POST /r/checkIn HTTP/1.1" 200 2625 "http://localhost:8080/r/noId?roomId=A007a" "Mozilla/5.0 (Windows NT 10.0; Win64; x64) AppleWebKit/537.36 (KHTML, like Gecko) Chrome/88.0.4324.182 Safari/537.36"
0:0:0:0:0:0:0:1 - - [25/Feb/2021:10:54:10 +0100] "GET /main.css HTTP/1.1" 200 7533 "http://localhost:8080/r/checkIn" "Mozilla/5.0 (Windows NT 10.0; Win64; x64) AppleWebKit/537.36 (KHTML, like Gecko) Chrome/88.0.4324.182 Safari/537.36"
0:0:0:0:0:0:0:1 - - [25/Feb/2021:10:54:18 +0100] "GET / HTTP/1.1" 200 7566 "-" "Mozilla/5.0 (Windows NT 10.0; Win64; x64) AppleWebKit/537.36 (KHTML, like Gecko) Chrome/88.0.4324.182 Safari/537.36"
0:0:0:0:0:0:0:1 - - [25/Feb/2021:10:54:18 +0100] "GET /style.css HTTP/1.1" 200 718 "http://localhost:8080/" "Mozilla/5.0 (Windows NT 10.0; Win64; x64) AppleWebKit/537.36 (KHTML, like Gecko) Chrome/88.0.4324.182 Safari/537.36"
0:0:0:0:0:0:0:1 - - [25/Feb/2021:10:54:21 +0100] "GET /r/noId?roomId=A007a HTTP/1.1" 200 7669 "http://localhost:8080/" "Mozilla/5.0 (Windows NT 10.0; Win64; x64) AppleWebKit/537.36 (KHTML, like Gecko) Chrome/88.0.4324.182 Safari/537.36"
0:0:0:0:0:0:0:1 - - [25/Feb/2021:10:54:21 +0100] "GET /main.css HTTP/1.1" 200 7533 "http://localhost:8080/r/noId?roomId=A007a" "Mozilla/5.0 (Windows NT 10.0; Win64; x64) AppleWebKit/537.36 (KHTML, like Gecko) Chrome/88.0.4324.182 Safari/537.36"
0:0:0:0:0:0:0:1 - - [25/Feb/2021:10:54:21 +0100] "GET /checkInForm.js HTTP/1.1" 200 4888 "http://localhost:8080/r/noId?roomId=A007a" "Mozilla/5.0 (Windows NT 10.0; Win64; x64) AppleWebKit/537.36 (KHTML, like Gecko) Chrome/88.0.4324.182 Safari/537.36"
0:0:0:0:0:0:0:1 - - [25/Feb/2021:10:54:27 +0100] "POST /r/checkIn HTTP/1.1" 200 2622 "http://localhost:8080/r/noId?roomId=A007a" "Mozilla/5.0 (Windows NT 10.0; Win64; x64) AppleWebKit/537.36 (KHTML, like Gecko) Chrome/88.0.4324.182 Safari/537.36"
0:0:0:0:0:0:0:1 - - [25/Feb/2021:10:54:27 +0100] "GET /main.css HTTP/1.1" 200 7533 "http://localhost:8080/r/checkIn" "Mozilla/5.0 (Windows NT 10.0; Win64; x64) AppleWebKit/537.36 (KHTML, like Gecko) Chrome/88.0.4324.182 Safari/537.36"
0:0:0:0:0:0:0:1 - - [25/Feb/2021:10:54:32 +0100] "GET / HTTP/1.1" 200 7566 "-" "Mozilla/5.0 (Windows NT 10.0; Win64; x64) AppleWebKit/537.36 (KHTML, like Gecko) Chrome/88.0.4324.182 Safari/537.36"
0:0:0:0:0:0:0:1 - - [25/Feb/2021:10:54:32 +0100] "GET /style.css HTTP/1.1" 200 718 "http://localhost:8080/" "Mozilla/5.0 (Windows NT 10.0; Win64; x64) AppleWebKit/537.36 (KHTML, like Gecko) Chrome/88.0.4324.182 Safari/537.36"
0:0:0:0:0:0:0:1 - - [25/Feb/2021:10:54:37 +0100] "GET /r/noId?roomId=A007a HTTP/1.1" 200 2408 "http://localhost:8080/" "Mozilla/5.0 (Windows NT 10.0; Win64; x64) AppleWebKit/537.36 (KHTML, like Gecko) Chrome/88.0.4324.182 Safari/537.36"
0:0:0:0:0:0:0:1 - - [25/Feb/2021:10:54:38 +0100] "GET /main.css HTTP/1.1" 200 7533 "http://localhost:8080/r/noId?roomId=A007a" "Mozilla/5.0 (Windows NT 10.0; Win64; x64) AppleWebKit/537.36 (KHTML, like Gecko) Chrome/88.0.4324.182 Safari/537.36"
0:0:0:0:0:0:0:1 - - [25/Feb/2021:10:54:46 +0100] "GET /r/A007a/checkOut HTTP/1.1" 200 7668 "http://localhost:8080/r/noId?roomId=A007a" "Mozilla/5.0 (Windows NT 10.0; Win64; x64) AppleWebKit/537.36 (KHTML, like Gecko) Chrome/88.0.4324.182 Safari/537.36"
0:0:0:0:0:0:0:1 - - [25/Feb/2021:10:54:46 +0100] "GET /checkInForm.js HTTP/1.1" 200 4888 "http://localhost:8080/r/A007a/checkOut" "Mozilla/5.0 (Windows NT 10.0; Win64; x64) AppleWebKit/537.36 (KHTML, like Gecko) Chrome/88.0.4324.182 Safari/537.36"
0:0:0:0:0:0:0:1 - - [25/Feb/2021:10:54:46 +0100] "GET /main.css HTTP/1.1" 200 7533 "http://localhost:8080/r/A007a/checkOut" "Mozilla/5.0 (Windows NT 10.0; Win64; x64) AppleWebKit/537.36 (KHTML, like Gecko) Chrome/88.0.4324.182 Safari/537.36"
0:0:0:0:0:0:0:1 - - [25/Feb/2021:10:54:52 +0100] "POST /r/checkOut HTTP/1.1" 404 7635 "http://localhost:8080/r/A007a/checkOut" "Mozilla/5.0 (Windows NT 10.0; Win64; x64) AppleWebKit/537.36 (KHTML, like Gecko) Chrome/88.0.4324.182 Safari/537.36"
0:0:0:0:0:0:0:1 - - [25/Feb/2021:10:54:52 +0100] "GET /style.css HTTP/1.1" 200 718 "http://localhost:8080/r/checkOut" "Mozilla/5.0 (Windows NT 10.0; Win64; x64) AppleWebKit/537.36 (KHTML, like Gecko) Chrome/88.0.4324.182 Safari/537.36"
0:0:0:0:0:0:0:1 - - [25/Feb/2021:10:55:03 +0100] "GET / HTTP/1.1" 200 7566 "-" "Mozilla/5.0 (Windows NT 10.0; Win64; x64) AppleWebKit/537.36 (KHTML, like Gecko) Chrome/88.0.4324.182 Safari/537.36"
0:0:0:0:0:0:0:1 - - [25/Feb/2021:10:55:03 +0100] "GET /style.css HTTP/1.1" 200 718 "http://localhost:8080/" "Mozilla/5.0 (Windows NT 10.0; Win64; x64) AppleWebKit/537.36 (KHTML, like Gecko) Chrome/88.0.4324.182 Safari/537.36"
0:0:0:0:0:0:0:1 - - [25/Feb/2021:10:55:05 +0100] "GET /login HTTP/1.1" 200 6846 "http://localhost:8080/" "Mozilla/5.0 (Windows NT 10.0; Win64; x64) AppleWebKit/537.36 (KHTML, like Gecko) Chrome/88.0.4324.182 Safari/537.36"
0:0:0:0:0:0:0:1 - - [25/Feb/2021:10:55:05 +0100] "GET /style.css HTTP/1.1" 200 718 "http://localhost:8080/login" "Mozilla/5.0 (Windows NT 10.0; Win64; x64) AppleWebKit/537.36 (KHTML, like Gecko) Chrome/88.0.4324.182 Safari/537.36"
0:0:0:0:0:0:0:1 - - [25/Feb/2021:10:55:09 +0100] "POST /login HTTP/1.1" 302 - "http://localhost:8080/login" "Mozilla/5.0 (Windows NT 10.0; Win64; x64) AppleWebKit/537.36 (KHTML, like Gecko) Chrome/88.0.4324.182 Safari/537.36"
0:0:0:0:0:0:0:1 - - [25/Feb/2021:10:55:09 +0100] "GET / HTTP/1.1" 200 7730 "http://localhost:8080/login" "Mozilla/5.0 (Windows NT 10.0; Win64; x64) AppleWebKit/537.36 (KHTML, like Gecko) Chrome/88.0.4324.182 Safari/537.36"
0:0:0:0:0:0:0:1 - - [25/Feb/2021:10:55:09 +0100] "GET /style.css HTTP/1.1" 200 718 "http://localhost:8080/" "Mozilla/5.0 (Windows NT 10.0; Win64; x64) AppleWebKit/537.36 (KHTML, like Gecko) Chrome/88.0.4324.182 Safari/537.36"
0:0:0:0:0:0:0:1 - - [25/Feb/2021:10:55:11 +0100] "GET /suche HTTP/1.1" 200 6605 "http://localhost:8080/" "Mozilla/5.0 (Windows NT 10.0; Win64; x64) AppleWebKit/537.36 (KHTML, like Gecko) Chrome/88.0.4324.182 Safari/537.36"
0:0:0:0:0:0:0:1 - - [25/Feb/2021:10:55:11 +0100] "GET /style.css HTTP/1.1" 200 718 "http://localhost:8080/suche" "Mozilla/5.0 (Windows NT 10.0; Win64; x64) AppleWebKit/537.36 (KHTML, like Gecko) Chrome/88.0.4324.182 Safari/537.36"
0:0:0:0:0:0:0:1 - - [25/Feb/2021:10:55:14 +0100] "GET / HTTP/1.1" 200 7730 "http://localhost:8080/suche" "Mozilla/5.0 (Windows NT 10.0; Win64; x64) AppleWebKit/537.36 (KHTML, like Gecko) Chrome/88.0.4324.182 Safari/537.36"
0:0:0:0:0:0:0:1 - - [25/Feb/2021:10:55:14 +0100] "GET /style.css HTTP/1.1" 200 718 "http://localhost:8080/" "Mozilla/5.0 (Windows NT 10.0; Win64; x64) AppleWebKit/537.36 (KHTML, like Gecko) Chrome/88.0.4324.182 Safari/537.36"
0:0:0:0:0:0:0:1 - - [25/Feb/2021:10:55:15 +0100] "GET /veranstaltungen HTTP/1.1" 200 7103 "http://localhost:8080/" "Mozilla/5.0 (Windows NT 10.0; Win64; x64) AppleWebKit/537.36 (KHTML, like Gecko) Chrome/88.0.4324.182 Safari/537.36"
0:0:0:0:0:0:0:1 - - [25/Feb/2021:10:55:15 +0100] "GET /style.css HTTP/1.1" 200 718 "http://localhost:8080/veranstaltungen" "Mozilla/5.0 (Windows NT 10.0; Win64; x64) AppleWebKit/537.36 (KHTML, like Gecko) Chrome/88.0.4324.182 Safari/537.36"
0:0:0:0:0:0:0:1 - - [25/Feb/2021:10:55:17 +0100] "GET / HTTP/1.1" 200 7730 "http://localhost:8080/veranstaltungen" "Mozilla/5.0 (Windows NT 10.0; Win64; x64) AppleWebKit/537.36 (KHTML, like Gecko) Chrome/88.0.4324.182 Safari/537.36"
0:0:0:0:0:0:0:1 - - [25/Feb/2021:10:55:17 +0100] "GET /style.css HTTP/1.1" 200 718 "http://localhost:8080/" "Mozilla/5.0 (Windows NT 10.0; Win64; x64) AppleWebKit/537.36 (KHTML, like Gecko) Chrome/88.0.4324.182 Safari/537.36"
0:0:0:0:0:0:0:1 - - [25/Feb/2021:10:55:20 +0100] "GET /r/noId?roomId=A007a HTTP/1.1" 200 2408 "http://localhost:8080/" "Mozilla/5.0 (Windows NT 10.0; Win64; x64) AppleWebKit/537.36 (KHTML, like Gecko) Chrome/88.0.4324.182 Safari/537.36"
0:0:0:0:0:0:0:1 - - [25/Feb/2021:10:55:20 +0100] "GET /main.css HTTP/1.1" 200 7533 "http://localhost:8080/r/noId?roomId=A007a" "Mozilla/5.0 (Windows NT 10.0; Win64; x64) AppleWebKit/537.36 (KHTML, like Gecko) Chrome/88.0.4324.182 Safari/537.36"
0:0:0:0:0:0:0:1 - - [25/Feb/2021:10:55:23 +0100] "GET /r/A007a/checkOut HTTP/1.1" 200 7668 "http://localhost:8080/r/noId?roomId=A007a" "Mozilla/5.0 (Windows NT 10.0; Win64; x64) AppleWebKit/537.36 (KHTML, like Gecko) Chrome/88.0.4324.182 Safari/537.36"
0:0:0:0:0:0:0:1 - - [25/Feb/2021:10:55:23 +0100] "GET /checkInForm.js HTTP/1.1" 200 4888 "http://localhost:8080/r/A007a/checkOut" "Mozilla/5.0 (Windows NT 10.0; Win64; x64) AppleWebKit/537.36 (KHTML, like Gecko) Chrome/88.0.4324.182 Safari/537.36"
0:0:0:0:0:0:0:1 - - [25/Feb/2021:10:55:23 +0100] "GET /main.css HTTP/1.1" 200 7533 "http://localhost:8080/r/A007a/checkOut" "Mozilla/5.0 (Windows NT 10.0; Win64; x64) AppleWebKit/537.36 (KHTML, like Gecko) Chrome/88.0.4324.182 Safari/537.36"
0:0:0:0:0:0:0:1 - - [25/Feb/2021:10:55:29 +0100] "POST /r/checkOut HTTP/1.1" 404 7799 "http://localhost:8080/r/A007a/checkOut" "Mozilla/5.0 (Windows NT 10.0; Win64; x64) AppleWebKit/537.36 (KHTML, like Gecko) Chrome/88.0.4324.182 Safari/537.36"
0:0:0:0:0:0:0:1 - - [25/Feb/2021:10:55:29 +0100] "GET /style.css HTTP/1.1" 200 718 "http://localhost:8080/r/checkOut" "Mozilla/5.0 (Windows NT 10.0; Win64; x64) AppleWebKit/537.36 (KHTML, like Gecko) Chrome/88.0.4324.182 Safari/537.36"
0:0:0:0:0:0:0:1 - - [25/Feb/2021:10:55:31 +0100] "POST /r/checkOut HTTP/1.1" 403 7848 "http://localhost:8080/r/checkIn" "Mozilla/5.0 (Windows NT 10.0; Win64; x64) AppleWebKit/537.36 (KHTML, like Gecko) Chrome/88.0.4324.182 Safari/537.36"
0:0:0:0:0:0:0:1 - - [25/Feb/2021:10:55:31 +0100] "GET /style.css HTTP/1.1" 200 718 "http://localhost:8080/r/checkOut" "Mozilla/5.0 (Windows NT 10.0; Win64; x64) AppleWebKit/537.36 (KHTML, like Gecko) Chrome/88.0.4324.182 Safari/537.36"
0:0:0:0:0:0:0:1 - - [25/Feb/2021:10:55:36 +0100] "GET /r/noId?roomId=A007a HTTP/1.1" 200 2408 "http://localhost:8080/r/checkOut" "Mozilla/5.0 (Windows NT 10.0; Win64; x64) AppleWebKit/537.36 (KHTML, like Gecko) Chrome/88.0.4324.182 Safari/537.36"
0:0:0:0:0:0:0:1 - - [25/Feb/2021:10:55:36 +0100] "GET /main.css HTTP/1.1" 200 7533 "http://localhost:8080/r/noId?roomId=A007a" "Mozilla/5.0 (Windows NT 10.0; Win64; x64) AppleWebKit/537.36 (KHTML, like Gecko) Chrome/88.0.4324.182 Safari/537.36"
0:0:0:0:0:0:0:1 - - [25/Feb/2021:10:55:38 +0100] "GET /r/A007a/checkOut HTTP/1.1" 200 7668 "http://localhost:8080/r/noId?roomId=A007a" "Mozilla/5.0 (Windows NT 10.0; Win64; x64) AppleWebKit/537.36 (KHTML, like Gecko) Chrome/88.0.4324.182 Safari/537.36"
0:0:0:0:0:0:0:1 - - [25/Feb/2021:10:55:38 +0100] "GET /checkInForm.js HTTP/1.1" 200 4888 "http://localhost:8080/r/A007a/checkOut" "Mozilla/5.0 (Windows NT 10.0; Win64; x64) AppleWebKit/537.36 (KHTML, like Gecko) Chrome/88.0.4324.182 Safari/537.36"
0:0:0:0:0:0:0:1 - - [25/Feb/2021:10:55:38 +0100] "GET /main.css HTTP/1.1" 200 7533 "http://localhost:8080/r/A007a/checkOut" "Mozilla/5.0 (Windows NT 10.0; Win64; x64) AppleWebKit/537.36 (KHTML, like Gecko) Chrome/88.0.4324.182 Safari/537.36"
0:0:0:0:0:0:0:1 - - [25/Feb/2021:10:55:40 +0100] "POST /r/checkOut HTTP/1.1" 404 7799 "http://localhost:8080/r/A007a/checkOut" "Mozilla/5.0 (Windows NT 10.0; Win64; x64) AppleWebKit/537.36 (KHTML, like Gecko) Chrome/88.0.4324.182 Safari/537.36"
0:0:0:0:0:0:0:1 - - [25/Feb/2021:10:55:40 +0100] "GET /style.css HTTP/1.1" 200 718 "http://localhost:8080/r/checkOut" "Mozilla/5.0 (Windows NT 10.0; Win64; x64) AppleWebKit/537.36 (KHTML, like Gecko) Chrome/88.0.4324.182 Safari/537.36"
0:0:0:0:0:0:0:1 - - [25/Feb/2021:10:55:42 +0100] "POST /r/checkOut HTTP/1.1" 403 7848 "http://localhost:8080/r/checkIn" "Mozilla/5.0 (Windows NT 10.0; Win64; x64) AppleWebKit/537.36 (KHTML, like Gecko) Chrome/88.0.4324.182 Safari/537.36"
0:0:0:0:0:0:0:1 - - [25/Feb/2021:10:55:42 +0100] "GET /style.css HTTP/1.1" 200 718 "http://localhost:8080/r/checkOut" "Mozilla/5.0 (Windows NT 10.0; Win64; x64) AppleWebKit/537.36 (KHTML, like Gecko) Chrome/88.0.4324.182 Safari/537.36"
0:0:0:0:0:0:0:1 - - [25/Feb/2021:10:55:48 +0100] "POST /r/checkOut HTTP/1.1" 302 - "http://localhost:8080/r/checkIn" "Mozilla/5.0 (Windows NT 10.0; Win64; x64) AppleWebKit/537.36 (KHTML, like Gecko) Chrome/88.0.4324.182 Safari/537.36"
0:0:0:0:0:0:0:1 - - [25/Feb/2021:10:55:48 +0100] "GET /r/checkedOut HTTP/1.1" 200 2352 "http://localhost:8080/r/checkIn" "Mozilla/5.0 (Windows NT 10.0; Win64; x64) AppleWebKit/537.36 (KHTML, like Gecko) Chrome/88.0.4324.182 Safari/537.36"
0:0:0:0:0:0:0:1 - - [25/Feb/2021:10:55:48 +0100] "GET /main.css HTTP/1.1" 200 7533 "http://localhost:8080/r/checkedOut" "Mozilla/5.0 (Windows NT 10.0; Win64; x64) AppleWebKit/537.36 (KHTML, like Gecko) Chrome/88.0.4324.182 Safari/537.36"
0:0:0:0:0:0:0:1 - - [25/Feb/2021:10:55:49 +0100] "GET / HTTP/1.1" 200 7566 "http://localhost:8080/r/checkedOut" "Mozilla/5.0 (Windows NT 10.0; Win64; x64) AppleWebKit/537.36 (KHTML, like Gecko) Chrome/88.0.4324.182 Safari/537.36"
0:0:0:0:0:0:0:1 - - [25/Feb/2021:10:55:49 +0100] "GET /style.css HTTP/1.1" 200 718 "http://localhost:8080/" "Mozilla/5.0 (Windows NT 10.0; Win64; x64) AppleWebKit/537.36 (KHTML, like Gecko) Chrome/88.0.4324.182 Safari/537.36"
0:0:0:0:0:0:0:1 - - [25/Feb/2021:10:55:52 +0100] "GET /r/noId?roomId=A007a HTTP/1.1" 200 7669 "http://localhost:8080/" "Mozilla/5.0 (Windows NT 10.0; Win64; x64) AppleWebKit/537.36 (KHTML, like Gecko) Chrome/88.0.4324.182 Safari/537.36"
0:0:0:0:0:0:0:1 - - [25/Feb/2021:10:55:52 +0100] "GET /checkInForm.js HTTP/1.1" 200 4888 "http://localhost:8080/r/noId?roomId=A007a" "Mozilla/5.0 (Windows NT 10.0; Win64; x64) AppleWebKit/537.36 (KHTML, like Gecko) Chrome/88.0.4324.182 Safari/537.36"
0:0:0:0:0:0:0:1 - - [25/Feb/2021:10:55:52 +0100] "GET /main.css HTTP/1.1" 200 7533 "http://localhost:8080/r/noId?roomId=A007a" "Mozilla/5.0 (Windows NT 10.0; Win64; x64) AppleWebKit/537.36 (KHTML, like Gecko) Chrome/88.0.4324.182 Safari/537.36"
0:0:0:0:0:0:0:1 - - [25/Feb/2021:10:55:52 +0100] "POST /r/checkIn HTTP/1.1" 200 2625 "http://localhost:8080/r/noId?roomId=A007a" "Mozilla/5.0 (Windows NT 10.0; Win64; x64) AppleWebKit/537.36 (KHTML, like Gecko) Chrome/88.0.4324.182 Safari/537.36"
0:0:0:0:0:0:0:1 - - [25/Feb/2021:10:55:52 +0100] "GET /main.css HTTP/1.1" 200 7533 "http://localhost:8080/r/checkIn" "Mozilla/5.0 (Windows NT 10.0; Win64; x64) AppleWebKit/537.36 (KHTML, like Gecko) Chrome/88.0.4324.182 Safari/537.36"
0:0:0:0:0:0:0:1 - - [25/Feb/2021:10:55:54 +0100] "POST /r/checkOut HTTP/1.1" 302 - "http://localhost:8080/r/checkIn" "Mozilla/5.0 (Windows NT 10.0; Win64; x64) AppleWebKit/537.36 (KHTML, like Gecko) Chrome/88.0.4324.182 Safari/537.36"
0:0:0:0:0:0:0:1 - - [25/Feb/2021:10:55:54 +0100] "GET /r/checkedOut HTTP/1.1" 200 2352 "http://localhost:8080/r/checkIn" "Mozilla/5.0 (Windows NT 10.0; Win64; x64) AppleWebKit/537.36 (KHTML, like Gecko) Chrome/88.0.4324.182 Safari/537.36"
0:0:0:0:0:0:0:1 - - [25/Feb/2021:10:55:54 +0100] "GET /main.css HTTP/1.1" 200 7533 "http://localhost:8080/r/checkedOut" "Mozilla/5.0 (Windows NT 10.0; Win64; x64) AppleWebKit/537.36 (KHTML, like Gecko) Chrome/88.0.4324.182 Safari/537.36"
0:0:0:0:0:0:0:1 - - [25/Feb/2021:10:55:56 +0100] "GET / HTTP/1.1" 200 7566 "http://localhost:8080/r/checkedOut" "Mozilla/5.0 (Windows NT 10.0; Win64; x64) AppleWebKit/537.36 (KHTML, like Gecko) Chrome/88.0.4324.182 Safari/537.36"
0:0:0:0:0:0:0:1 - - [25/Feb/2021:10:55:56 +0100] "GET /style.css HTTP/1.1" 200 718 "http://localhost:8080/" "Mozilla/5.0 (Windows NT 10.0; Win64; x64) AppleWebKit/537.36 (KHTML, like Gecko) Chrome/88.0.4324.182 Safari/537.36"
0:0:0:0:0:0:0:1 - - [25/Feb/2021:10:56:02 +0100] "GET /r/noId?roomId=A007a HTTP/1.1" 200 7669 "http://localhost:8080/r/checkOut" "Mozilla/5.0 (Windows NT 10.0; Win64; x64) AppleWebKit/537.36 (KHTML, like Gecko) Chrome/88.0.4324.182 Safari/537.36"
0:0:0:0:0:0:0:1 - - [25/Feb/2021:10:56:02 +0100] "GET /main.css HTTP/1.1" 200 7533 "http://localhost:8080/r/noId?roomId=A007a" "Mozilla/5.0 (Windows NT 10.0; Win64; x64) AppleWebKit/537.36 (KHTML, like Gecko) Chrome/88.0.4324.182 Safari/537.36"
0:0:0:0:0:0:0:1 - - [25/Feb/2021:10:56:02 +0100] "GET /checkInForm.js HTTP/1.1" 200 4888 "http://localhost:8080/r/noId?roomId=A007a" "Mozilla/5.0 (Windows NT 10.0; Win64; x64) AppleWebKit/537.36 (KHTML, like Gecko) Chrome/88.0.4324.182 Safari/537.36"
0:0:0:0:0:0:0:1 - - [25/Feb/2021:10:56:06 +0100] "POST /r/checkIn HTTP/1.1" 200 2618 "http://localhost:8080/r/noId?roomId=A007a" "Mozilla/5.0 (Windows NT 10.0; Win64; x64) AppleWebKit/537.36 (KHTML, like Gecko) Chrome/88.0.4324.182 Safari/537.36"
0:0:0:0:0:0:0:1 - - [25/Feb/2021:10:56:06 +0100] "GET /main.css HTTP/1.1" 200 7533 "http://localhost:8080/r/checkIn" "Mozilla/5.0 (Windows NT 10.0; Win64; x64) AppleWebKit/537.36 (KHTML, like Gecko) Chrome/88.0.4324.182 Safari/537.36"
0:0:0:0:0:0:0:1 - - [25/Feb/2021:10:56:11 +0100] "GET /suche HTTP/1.1" 200 6605 "http://localhost:8080/r/checkOut" "Mozilla/5.0 (Windows NT 10.0; Win64; x64) AppleWebKit/537.36 (KHTML, like Gecko) Chrome/88.0.4324.182 Safari/537.36"
0:0:0:0:0:0:0:1 - - [25/Feb/2021:10:56:11 +0100] "GET /style.css HTTP/1.1" 200 718 "http://localhost:8080/suche" "Mozilla/5.0 (Windows NT 10.0; Win64; x64) AppleWebKit/537.36 (KHTML, like Gecko) Chrome/88.0.4324.182 Safari/537.36"
0:0:0:0:0:0:0:1 - - [25/Feb/2021:10:56:13 +0100] "GET /suchen?email=123 HTTP/1.1" 200 6698 "http://localhost:8080/suche" "Mozilla/5.0 (Windows NT 10.0; Win64; x64) AppleWebKit/537.36 (KHTML, like Gecko) Chrome/88.0.4324.182 Safari/537.36"
0:0:0:0:0:0:0:1 - - [25/Feb/2021:10:56:13 +0100] "GET /style.css HTTP/1.1" 200 718 "http://localhost:8080/suchen?email=123" "Mozilla/5.0 (Windows NT 10.0; Win64; x64) AppleWebKit/537.36 (KHTML, like Gecko) Chrome/88.0.4324.182 Safari/537.36"
0:0:0:0:0:0:0:1 - - [25/Feb/2021:10:56:21 +0100] "GET /suchen?email=123%40hs-mannheim.de HTTP/1.1" 200 6698 "http://localhost:8080/suchen?email=123" "Mozilla/5.0 (Windows NT 10.0; Win64; x64) AppleWebKit/537.36 (KHTML, like Gecko) Chrome/88.0.4324.182 Safari/537.36"
0:0:0:0:0:0:0:1 - - [25/Feb/2021:10:56:21 +0100] "GET /style.css HTTP/1.1" 200 718 "http://localhost:8080/suchen?email=123%40hs-mannheim.de" "Mozilla/5.0 (Windows NT 10.0; Win64; x64) AppleWebKit/537.36 (KHTML, like Gecko) Chrome/88.0.4324.182 Safari/537.36"
0:0:0:0:0:0:0:1 - - [25/Feb/2021:10:56:26 +0100] "GET /r/noId?roomId= HTTP/1.1" 404 7799 "http://localhost:8080/r/checkOut" "Mozilla/5.0 (Windows NT 10.0; Win64; x64) AppleWebKit/537.36 (KHTML, like Gecko) Chrome/88.0.4324.182 Safari/537.36"
0:0:0:0:0:0:0:1 - - [25/Feb/2021:10:56:26 +0100] "GET /style.css HTTP/1.1" 200 718 "http://localhost:8080/r/noId?roomId=" "Mozilla/5.0 (Windows NT 10.0; Win64; x64) AppleWebKit/537.36 (KHTML, like Gecko) Chrome/88.0.4324.182 Safari/537.36"
0:0:0:0:0:0:0:1 - - [25/Feb/2021:10:56:27 +0100] "GET /r/noId?roomId=test HTTP/1.1" 200 7663 "http://localhost:8080/r/noId?roomId=" "Mozilla/5.0 (Windows NT 10.0; Win64; x64) AppleWebKit/537.36 (KHTML, like Gecko) Chrome/88.0.4324.182 Safari/537.36"
0:0:0:0:0:0:0:1 - - [25/Feb/2021:10:56:27 +0100] "GET /main.css HTTP/1.1" 200 7533 "http://localhost:8080/r/noId?roomId=test" "Mozilla/5.0 (Windows NT 10.0; Win64; x64) AppleWebKit/537.36 (KHTML, like Gecko) Chrome/88.0.4324.182 Safari/537.36"
0:0:0:0:0:0:0:1 - - [25/Feb/2021:10:56:27 +0100] "GET /checkInForm.js HTTP/1.1" 200 4888 "http://localhost:8080/r/noId?roomId=test" "Mozilla/5.0 (Windows NT 10.0; Win64; x64) AppleWebKit/537.36 (KHTML, like Gecko) Chrome/88.0.4324.182 Safari/537.36"
0:0:0:0:0:0:0:1 - - [25/Feb/2021:10:56:36 +0100] "GET /suchen?email=123%40stud.hs-mannheim.de HTTP/1.1" 200 7286 "http://localhost:8080/suchen?email=123%40hs-mannheim.de" "Mozilla/5.0 (Windows NT 10.0; Win64; x64) AppleWebKit/537.36 (KHTML, like Gecko) Chrome/88.0.4324.182 Safari/537.36"
0:0:0:0:0:0:0:1 - - [25/Feb/2021:10:56:36 +0100] "GET /style.css HTTP/1.1" 200 718 "http://localhost:8080/suchen?email=123%40stud.hs-mannheim.de" "Mozilla/5.0 (Windows NT 10.0; Win64; x64) AppleWebKit/537.36 (KHTML, like Gecko) Chrome/88.0.4324.182 Safari/537.36"
192.168.178.59 - - [25/Feb/2021:11:02:56 +0100] "GET / HTTP/1.1" 200 7566 "-" "Mozilla/5.0 (Macintosh; Intel Mac OS X 10_15_6) AppleWebKit/605.1.15 (KHTML, like Gecko) Version/14.0.3 Safari/605.1.15"
192.168.178.59 - - [25/Feb/2021:11:02:56 +0100] "GET /style.css HTTP/1.1" 200 718 "http://192.168.178.4:8080/" "Mozilla/5.0 (Macintosh; Intel Mac OS X 10_15_6) AppleWebKit/605.1.15 (KHTML, like Gecko) Version/14.0.3 Safari/605.1.15"
192.168.178.59 - - [25/Feb/2021:11:03:02 +0100] "GET /r/noId?roomId=Test HTTP/1.1" 404 7635 "http://192.168.178.4:8080/" "Mozilla/5.0 (Macintosh; Intel Mac OS X 10_15_6) AppleWebKit/605.1.15 (KHTML, like Gecko) Version/14.0.3 Safari/605.1.15"
192.168.178.59 - - [25/Feb/2021:11:03:03 +0100] "GET /style.css HTTP/1.1" 200 718 "http://192.168.178.4:8080/r/noId?roomId=Test" "Mozilla/5.0 (Macintosh; Intel Mac OS X 10_15_6) AppleWebKit/605.1.15 (KHTML, like Gecko) Version/14.0.3 Safari/605.1.15"
192.168.178.59 - - [25/Feb/2021:11:03:06 +0100] "GET /r/noId?roomId=test HTTP/1.1" 200 7663 "http://192.168.178.4:8080/r/noId?roomId=Test" "Mozilla/5.0 (Macintosh; Intel Mac OS X 10_15_6) AppleWebKit/605.1.15 (KHTML, like Gecko) Version/14.0.3 Safari/605.1.15"
192.168.178.59 - - [25/Feb/2021:11:03:06 +0100] "GET /main.css HTTP/1.1" 200 7533 "http://192.168.178.4:8080/r/noId?roomId=test" "Mozilla/5.0 (Macintosh; Intel Mac OS X 10_15_6) AppleWebKit/605.1.15 (KHTML, like Gecko) Version/14.0.3 Safari/605.1.15"
192.168.178.59 - - [25/Feb/2021:11:03:06 +0100] "GET /checkInForm.js HTTP/1.1" 200 4888 "http://192.168.178.4:8080/r/noId?roomId=test" "Mozilla/5.0 (Macintosh; Intel Mac OS X 10_15_6) AppleWebKit/605.1.15 (KHTML, like Gecko) Version/14.0.3 Safari/605.1.15"
192.168.178.59 - - [25/Feb/2021:11:03:14 +0100] "POST /r/checkIn HTTP/1.1" 200 2617 "http://192.168.178.4:8080/r/noId?roomId=test" "Mozilla/5.0 (Macintosh; Intel Mac OS X 10_15_6) AppleWebKit/605.1.15 (KHTML, like Gecko) Version/14.0.3 Safari/605.1.15"
192.168.178.59 - - [25/Feb/2021:11:03:14 +0100] "GET /main.css HTTP/1.1" 200 7533 "http://192.168.178.4:8080/r/checkIn" "Mozilla/5.0 (Macintosh; Intel Mac OS X 10_15_6) AppleWebKit/605.1.15 (KHTML, like Gecko) Version/14.0.3 Safari/605.1.15"
192.168.178.59 - - [25/Feb/2021:11:03:18 +0100] "POST /r/checkOut HTTP/1.1" 302 - "http://192.168.178.4:8080/r/checkIn" "Mozilla/5.0 (Macintosh; Intel Mac OS X 10_15_6) AppleWebKit/605.1.15 (KHTML, like Gecko) Version/14.0.3 Safari/605.1.15"
192.168.178.59 - - [25/Feb/2021:11:03:18 +0100] "GET /r/checkedOut HTTP/1.1" 200 2352 "http://192.168.178.4:8080/r/checkIn" "Mozilla/5.0 (Macintosh; Intel Mac OS X 10_15_6) AppleWebKit/605.1.15 (KHTML, like Gecko) Version/14.0.3 Safari/605.1.15"
192.168.178.59 - - [25/Feb/2021:11:03:18 +0100] "GET /main.css HTTP/1.1" 200 7533 "http://192.168.178.4:8080/r/checkedOut" "Mozilla/5.0 (Macintosh; Intel Mac OS X 10_15_6) AppleWebKit/605.1.15 (KHTML, like Gecko) Version/14.0.3 Safari/605.1.15"
192.168.178.59 - - [25/Feb/2021:11:03:19 +0100] "GET / HTTP/1.1" 200 7566 "http://192.168.178.4:8080/r/checkedOut" "Mozilla/5.0 (Macintosh; Intel Mac OS X 10_15_6) AppleWebKit/605.1.15 (KHTML, like Gecko) Version/14.0.3 Safari/605.1.15"
192.168.178.59 - - [25/Feb/2021:11:03:19 +0100] "GET /style.css HTTP/1.1" 200 718 "http://192.168.178.4:8080/" "Mozilla/5.0 (Macintosh; Intel Mac OS X 10_15_6) AppleWebKit/605.1.15 (KHTML, like Gecko) Version/14.0.3 Safari/605.1.15"
192.168.178.59 - - [25/Feb/2021:11:03:27 +0100] "GET /login HTTP/1.1" 200 6846 "http://192.168.178.4:8080/" "Mozilla/5.0 (Macintosh; Intel Mac OS X 10_15_6) AppleWebKit/605.1.15 (KHTML, like Gecko) Version/14.0.3 Safari/605.1.15"
192.168.178.59 - - [25/Feb/2021:11:03:27 +0100] "GET /style.css HTTP/1.1" 200 718 "http://192.168.178.4:8080/login" "Mozilla/5.0 (Macintosh; Intel Mac OS X 10_15_6) AppleWebKit/605.1.15 (KHTML, like Gecko) Version/14.0.3 Safari/605.1.15"
192.168.178.59 - - [25/Feb/2021:11:03:35 +0100] "POST /login HTTP/1.1" 302 - "http://192.168.178.4:8080/login" "Mozilla/5.0 (Macintosh; Intel Mac OS X 10_15_6) AppleWebKit/605.1.15 (KHTML, like Gecko) Version/14.0.3 Safari/605.1.15"
192.168.178.59 - - [25/Feb/2021:11:03:35 +0100] "GET / HTTP/1.1" 200 7730 "http://192.168.178.4:8080/login" "Mozilla/5.0 (Macintosh; Intel Mac OS X 10_15_6) AppleWebKit/605.1.15 (KHTML, like Gecko) Version/14.0.3 Safari/605.1.15"
192.168.178.59 - - [25/Feb/2021:11:03:35 +0100] "GET /style.css HTTP/1.1" 200 718 "http://192.168.178.4:8080/" "Mozilla/5.0 (Macintosh; Intel Mac OS X 10_15_6) AppleWebKit/605.1.15 (KHTML, like Gecko) Version/14.0.3 Safari/605.1.15"
192.168.178.59 - - [25/Feb/2021:11:03:50 +0100] "POST /logout HTTP/1.1" 302 - "http://192.168.178.4:8080/" "Mozilla/5.0 (Macintosh; Intel Mac OS X 10_15_6) AppleWebKit/605.1.15 (KHTML, like Gecko) Version/14.0.3 Safari/605.1.15"
192.168.178.59 - - [25/Feb/2021:11:03:50 +0100] "GET /login?logout HTTP/1.1" 200 6955 "http://192.168.178.4:8080/" "Mozilla/5.0 (Macintosh; Intel Mac OS X 10_15_6) AppleWebKit/605.1.15 (KHTML, like Gecko) Version/14.0.3 Safari/605.1.15"
192.168.178.59 - - [25/Feb/2021:11:03:50 +0100] "GET /style.css HTTP/1.1" 200 718 "http://192.168.178.4:8080/login?logout" "Mozilla/5.0 (Macintosh; Intel Mac OS X 10_15_6) AppleWebKit/605.1.15 (KHTML, like Gecko) Version/14.0.3 Safari/605.1.15"
192.168.178.59 - - [25/Feb/2021:11:03:57 +0100] "GET / HTTP/1.1" 200 7566 "http://192.168.178.4:8080/login?logout" "Mozilla/5.0 (Macintosh; Intel Mac OS X 10_15_6) AppleWebKit/605.1.15 (KHTML, like Gecko) Version/14.0.3 Safari/605.1.15"
192.168.178.59 - - [25/Feb/2021:11:03:57 +0100] "GET /style.css HTTP/1.1" 200 718 "http://192.168.178.4:8080/" "Mozilla/5.0 (Macintosh; Intel Mac OS X 10_15_6) AppleWebKit/605.1.15 (KHTML, like Gecko) Version/14.0.3 Safari/605.1.15"
192.168.178.59 - - [25/Feb/2021:11:04:08 +0100] "GET /r/noId?roomId=a007a HTTP/1.1" 404 7635 "http://192.168.178.4:8080/" "Mozilla/5.0 (Macintosh; Intel Mac OS X 10_15_6) AppleWebKit/605.1.15 (KHTML, like Gecko) Version/14.0.3 Safari/605.1.15"
192.168.178.59 - - [25/Feb/2021:11:04:08 +0100] "GET /style.css HTTP/1.1" 200 718 "http://192.168.178.4:8080/r/noId?roomId=a007a" "Mozilla/5.0 (Macintosh; Intel Mac OS X 10_15_6) AppleWebKit/605.1.15 (KHTML, like Gecko) Version/14.0.3 Safari/605.1.15"
192.168.178.59 - - [25/Feb/2021:11:04:16 +0100] "GET /r/noId?roomId=A007a HTTP/1.1" 200 7669 "http://192.168.178.4:8080/r/noId?roomId=a007a" "Mozilla/5.0 (Macintosh; Intel Mac OS X 10_15_6) AppleWebKit/605.1.15 (KHTML, like Gecko) Version/14.0.3 Safari/605.1.15"
192.168.178.59 - - [25/Feb/2021:11:04:16 +0100] "GET /main.css HTTP/1.1" 200 7533 "http://192.168.178.4:8080/r/noId?roomId=A007a" "Mozilla/5.0 (Macintosh; Intel Mac OS X 10_15_6) AppleWebKit/605.1.15 (KHTML, like Gecko) Version/14.0.3 Safari/605.1.15"
192.168.178.59 - - [25/Feb/2021:11:04:16 +0100] "GET /checkInForm.js HTTP/1.1" 200 4888 "http://192.168.178.4:8080/r/noId?roomId=A007a" "Mozilla/5.0 (Macintosh; Intel Mac OS X 10_15_6) AppleWebKit/605.1.15 (KHTML, like Gecko) Version/14.0.3 Safari/605.1.15"
192.168.178.59 - - [25/Feb/2021:11:04:24 +0100] "POST /r/checkIn HTTP/1.1" 200 2619 "http://192.168.178.4:8080/r/noId?roomId=A007a" "Mozilla/5.0 (Macintosh; Intel Mac OS X 10_15_6) AppleWebKit/605.1.15 (KHTML, like Gecko) Version/14.0.3 Safari/605.1.15"
192.168.178.59 - - [25/Feb/2021:11:04:24 +0100] "GET /main.css HTTP/1.1" 200 7533 "http://192.168.178.4:8080/r/checkIn" "Mozilla/5.0 (Macintosh; Intel Mac OS X 10_15_6) AppleWebKit/605.1.15 (KHTML, like Gecko) Version/14.0.3 Safari/605.1.15"
192.168.178.59 - - [25/Feb/2021:11:04:27 +0100] "POST /r/checkOut HTTP/1.1" 302 - "http://192.168.178.4:8080/r/checkIn" "Mozilla/5.0 (Macintosh; Intel Mac OS X 10_15_6) AppleWebKit/605.1.15 (KHTML, like Gecko) Version/14.0.3 Safari/605.1.15"
192.168.178.59 - - [25/Feb/2021:11:04:27 +0100] "GET /r/checkedOut HTTP/1.1" 200 2352 "http://192.168.178.4:8080/r/checkIn" "Mozilla/5.0 (Macintosh; Intel Mac OS X 10_15_6) AppleWebKit/605.1.15 (KHTML, like Gecko) Version/14.0.3 Safari/605.1.15"
192.168.178.59 - - [25/Feb/2021:11:04:27 +0100] "GET /main.css HTTP/1.1" 200 7533 "http://192.168.178.4:8080/r/checkedOut" "Mozilla/5.0 (Macintosh; Intel Mac OS X 10_15_6) AppleWebKit/605.1.15 (KHTML, like Gecko) Version/14.0.3 Safari/605.1.15"
192.168.178.59 - - [25/Feb/2021:11:04:29 +0100] "GET / HTTP/1.1" 200 7566 "http://192.168.178.4:8080/r/checkedOut" "Mozilla/5.0 (Macintosh; Intel Mac OS X 10_15_6) AppleWebKit/605.1.15 (KHTML, like Gecko) Version/14.0.3 Safari/605.1.15"
192.168.178.59 - - [25/Feb/2021:11:04:29 +0100] "GET /style.css HTTP/1.1" 200 718 "http://192.168.178.4:8080/" "Mozilla/5.0 (Macintosh; Intel Mac OS X 10_15_6) AppleWebKit/605.1.15 (KHTML, like Gecko) Version/14.0.3 Safari/605.1.15"
192.168.178.59 - - [25/Feb/2021:11:04:29 +0100] "GET /login HTTP/1.1" 200 6846 "http://192.168.178.4:8080/" "Mozilla/5.0 (Macintosh; Intel Mac OS X 10_15_6) AppleWebKit/605.1.15 (KHTML, like Gecko) Version/14.0.3 Safari/605.1.15"
192.168.178.59 - - [25/Feb/2021:11:04:30 +0100] "GET /style.css HTTP/1.1" 200 718 "http://192.168.178.4:8080/login" "Mozilla/5.0 (Macintosh; Intel Mac OS X 10_15_6) AppleWebKit/605.1.15 (KHTML, like Gecko) Version/14.0.3 Safari/605.1.15"
192.168.178.59 - - [25/Feb/2021:11:04:35 +0100] "POST /login HTTP/1.1" 302 - "http://192.168.178.4:8080/login" "Mozilla/5.0 (Macintosh; Intel Mac OS X 10_15_6) AppleWebKit/605.1.15 (KHTML, like Gecko) Version/14.0.3 Safari/605.1.15"
192.168.178.59 - - [25/Feb/2021:11:04:35 +0100] "GET / HTTP/1.1" 200 7730 "http://192.168.178.4:8080/login" "Mozilla/5.0 (Macintosh; Intel Mac OS X 10_15_6) AppleWebKit/605.1.15 (KHTML, like Gecko) Version/14.0.3 Safari/605.1.15"
192.168.178.59 - - [25/Feb/2021:11:04:35 +0100] "GET /style.css HTTP/1.1" 200 718 "http://192.168.178.4:8080/" "Mozilla/5.0 (Macintosh; Intel Mac OS X 10_15_6) AppleWebKit/605.1.15 (KHTML, like Gecko) Version/14.0.3 Safari/605.1.15"
192.168.178.21 - - [25/Feb/2021:11:05:21 +0100] "GET / HTTP/1.1" 200 7566 "-" "Mozilla/5.0 (Linux; Android 10; POCOPHONE F1) AppleWebKit/537.36 (KHTML, like Gecko) Chrome/88.0.4324.181 Mobile Safari/537.36"
192.168.178.21 - - [25/Feb/2021:11:05:21 +0100] "GET /style.css HTTP/1.1" 200 718 "http://192.168.178.4:8080/" "Mozilla/5.0 (Linux; Android 10; POCOPHONE F1) AppleWebKit/537.36 (KHTML, like Gecko) Chrome/88.0.4324.181 Mobile Safari/537.36"
192.168.178.21 - - [25/Feb/2021:11:05:37 +0100] "GET /r/noId?roomId=A007a HTTP/1.1" 200 7669 "http://192.168.178.4:8080/" "Mozilla/5.0 (Linux; Android 10; POCOPHONE F1) AppleWebKit/537.36 (KHTML, like Gecko) Chrome/88.0.4324.181 Mobile Safari/537.36"
192.168.178.21 - - [25/Feb/2021:11:05:37 +0100] "GET /main.css HTTP/1.1" 200 7533 "http://192.168.178.4:8080/r/noId?roomId=A007a" "Mozilla/5.0 (Linux; Android 10; POCOPHONE F1) AppleWebKit/537.36 (KHTML, like Gecko) Chrome/88.0.4324.181 Mobile Safari/537.36"
192.168.178.21 - - [25/Feb/2021:11:05:37 +0100] "GET /checkInForm.js HTTP/1.1" 200 4888 "http://192.168.178.4:8080/r/noId?roomId=A007a" "Mozilla/5.0 (Linux; Android 10; POCOPHONE F1) AppleWebKit/537.36 (KHTML, like Gecko) Chrome/88.0.4324.181 Mobile Safari/537.36"
192.168.178.21 - - [25/Feb/2021:11:05:47 +0100] "POST /r/checkIn HTTP/1.1" 200 2618 "http://192.168.178.4:8080/r/noId?roomId=A007a" "Mozilla/5.0 (Linux; Android 10; POCOPHONE F1) AppleWebKit/537.36 (KHTML, like Gecko) Chrome/88.0.4324.181 Mobile Safari/537.36"
192.168.178.21 - - [25/Feb/2021:11:05:47 +0100] "GET /main.css HTTP/1.1" 200 7533 "http://192.168.178.4:8080/r/checkIn" "Mozilla/5.0 (Linux; Android 10; POCOPHONE F1) AppleWebKit/537.36 (KHTML, like Gecko) Chrome/88.0.4324.181 Mobile Safari/537.36"
192.168.178.21 - - [25/Feb/2021:11:05:51 +0100] "POST /r/checkOut HTTP/1.1" 302 - "http://192.168.178.4:8080/r/checkIn" "Mozilla/5.0 (Linux; Android 10; POCOPHONE F1) AppleWebKit/537.36 (KHTML, like Gecko) Chrome/88.0.4324.181 Mobile Safari/537.36"
192.168.178.21 - - [25/Feb/2021:11:05:51 +0100] "GET /r/checkedOut HTTP/1.1" 200 2352 "http://192.168.178.4:8080/r/checkIn" "Mozilla/5.0 (Linux; Android 10; POCOPHONE F1) AppleWebKit/537.36 (KHTML, like Gecko) Chrome/88.0.4324.181 Mobile Safari/537.36"
192.168.178.21 - - [25/Feb/2021:11:05:52 +0100] "GET /main.css HTTP/1.1" 200 7533 "http://192.168.178.4:8080/r/checkedOut" "Mozilla/5.0 (Linux; Android 10; POCOPHONE F1) AppleWebKit/537.36 (KHTML, like Gecko) Chrome/88.0.4324.181 Mobile Safari/537.36"
192.168.178.21 - - [25/Feb/2021:11:05:53 +0100] "GET / HTTP/1.1" 200 7566 "http://192.168.178.4:8080/r/checkedOut" "Mozilla/5.0 (Linux; Android 10; POCOPHONE F1) AppleWebKit/537.36 (KHTML, like Gecko) Chrome/88.0.4324.181 Mobile Safari/537.36"
192.168.178.21 - - [25/Feb/2021:11:05:53 +0100] "GET /style.css HTTP/1.1" 200 718 "http://192.168.178.4:8080/" "Mozilla/5.0 (Linux; Android 10; POCOPHONE F1) AppleWebKit/537.36 (KHTML, like Gecko) Chrome/88.0.4324.181 Mobile Safari/537.36"
192.168.178.21 - - [25/Feb/2021:11:05:57 +0100] "GET /login HTTP/1.1" 200 6846 "http://192.168.178.4:8080/" "Mozilla/5.0 (Linux; Android 10; POCOPHONE F1) AppleWebKit/537.36 (KHTML, like Gecko) Chrome/88.0.4324.181 Mobile Safari/537.36"
192.168.178.21 - - [25/Feb/2021:11:05:57 +0100] "GET /style.css HTTP/1.1" 200 718 "http://192.168.178.4:8080/login" "Mozilla/5.0 (Linux; Android 10; POCOPHONE F1) AppleWebKit/537.36 (KHTML, like Gecko) Chrome/88.0.4324.181 Mobile Safari/537.36"
192.168.178.21 - - [25/Feb/2021:11:06:08 +0100] "POST /login HTTP/1.1" 302 - "http://192.168.178.4:8080/login" "Mozilla/5.0 (Linux; Android 10; POCOPHONE F1) AppleWebKit/537.36 (KHTML, like Gecko) Chrome/88.0.4324.181 Mobile Safari/537.36"
192.168.178.21 - - [25/Feb/2021:11:06:08 +0100] "GET / HTTP/1.1" 200 7730 "http://192.168.178.4:8080/login" "Mozilla/5.0 (Linux; Android 10; POCOPHONE F1) AppleWebKit/537.36 (KHTML, like Gecko) Chrome/88.0.4324.181 Mobile Safari/537.36"
192.168.178.21 - - [25/Feb/2021:11:06:08 +0100] "GET /style.css HTTP/1.1" 200 718 "http://192.168.178.4:8080/" "Mozilla/5.0 (Linux; Android 10; POCOPHONE F1) AppleWebKit/537.36 (KHTML, like Gecko) Chrome/88.0.4324.181 Mobile Safari/537.36"
