0:0:0:0:0:0:0:1 - - [02/Mar/2021:11:35:28 +0100] "GET /r/noId?roomId=testsdf HTTP/1.1" 404 7552 "http://localhost:8080/" "Mozilla/5.0 (Windows NT 10.0; Win64; x64) AppleWebKit/537.36 (KHTML, like Gecko) Chrome/88.0.4324.190 Safari/537.36"
0:0:0:0:0:0:0:1 - - [02/Mar/2021:11:35:28 +0100] "GET /style.css HTTP/1.1" 200 718 "http://localhost:8080/r/noId?roomId=testsdf" "Mozilla/5.0 (Windows NT 10.0; Win64; x64) AppleWebKit/537.36 (KHTML, like Gecko) Chrome/88.0.4324.190 Safari/537.36"
0:0:0:0:0:0:0:1 - - [02/Mar/2021:11:35:33 +0100] "GET /r/noId?roomId=23 HTTP/1.1" 404 7552 "http://localhost:8080/r/noId?roomId=testsdf" "Mozilla/5.0 (Windows NT 10.0; Win64; x64) AppleWebKit/537.36 (KHTML, like Gecko) Chrome/88.0.4324.190 Safari/537.36"
0:0:0:0:0:0:0:1 - - [02/Mar/2021:11:35:33 +0100] "GET /style.css HTTP/1.1" 200 718 "http://localhost:8080/r/noId?roomId=23" "Mozilla/5.0 (Windows NT 10.0; Win64; x64) AppleWebKit/537.36 (KHTML, like Gecko) Chrome/88.0.4324.190 Safari/537.36"
0:0:0:0:0:0:0:1 - - [02/Mar/2021:11:35:38 +0100] "GET /r/veranstaltungen HTTP/1.1" 404 7552 "http://localhost:8080/r/noId?roomId=23" "Mozilla/5.0 (Windows NT 10.0; Win64; x64) AppleWebKit/537.36 (KHTML, like Gecko) Chrome/88.0.4324.190 Safari/537.36"
0:0:0:0:0:0:0:1 - - [02/Mar/2021:11:35:38 +0100] "GET /style.css HTTP/1.1" 200 718 "http://localhost:8080/r/veranstaltungen" "Mozilla/5.0 (Windows NT 10.0; Win64; x64) AppleWebKit/537.36 (KHTML, like Gecko) Chrome/88.0.4324.190 Safari/537.36"
0:0:0:0:0:0:0:1 - - [02/Mar/2021:11:35:41 +0100] "GET /login HTTP/1.1" 200 6763 "http://localhost:8080/r/veranstaltungen" "Mozilla/5.0 (Windows NT 10.0; Win64; x64) AppleWebKit/537.36 (KHTML, like Gecko) Chrome/88.0.4324.190 Safari/537.36"
0:0:0:0:0:0:0:1 - - [02/Mar/2021:11:35:41 +0100] "GET /style.css HTTP/1.1" 200 718 "http://localhost:8080/login" "Mozilla/5.0 (Windows NT 10.0; Win64; x64) AppleWebKit/537.36 (KHTML, like Gecko) Chrome/88.0.4324.190 Safari/537.36"
0:0:0:0:0:0:0:1 - - [02/Mar/2021:11:35:44 +0100] "POST /login HTTP/1.1" 302 - "http://localhost:8080/login" "Mozilla/5.0 (Windows NT 10.0; Win64; x64) AppleWebKit/537.36 (KHTML, like Gecko) Chrome/88.0.4324.190 Safari/537.36"
0:0:0:0:0:0:0:1 - - [02/Mar/2021:11:35:44 +0100] "GET /login?error HTTP/1.1" 200 6845 "http://localhost:8080/login" "Mozilla/5.0 (Windows NT 10.0; Win64; x64) AppleWebKit/537.36 (KHTML, like Gecko) Chrome/88.0.4324.190 Safari/537.36"
0:0:0:0:0:0:0:1 - - [02/Mar/2021:11:35:44 +0100] "GET /style.css HTTP/1.1" 200 718 "http://localhost:8080/login?error" "Mozilla/5.0 (Windows NT 10.0; Win64; x64) AppleWebKit/537.36 (KHTML, like Gecko) Chrome/88.0.4324.190 Safari/537.36"
0:0:0:0:0:0:0:1 - - [02/Mar/2021:11:35:55 +0100] "GET /neuVer HTTP/1.1" 302 - "http://localhost:8080/login?error" "Mozilla/5.0 (Windows NT 10.0; Win64; x64) AppleWebKit/537.36 (KHTML, like Gecko) Chrome/88.0.4324.190 Safari/537.36"
0:0:0:0:0:0:0:1 - - [02/Mar/2021:11:35:55 +0100] "GET /login HTTP/1.1" 200 6763 "http://localhost:8080/login?error" "Mozilla/5.0 (Windows NT 10.0; Win64; x64) AppleWebKit/537.36 (KHTML, like Gecko) Chrome/88.0.4324.190 Safari/537.36"
0:0:0:0:0:0:0:1 - - [02/Mar/2021:11:35:55 +0100] "GET /style.css HTTP/1.1" 200 718 "http://localhost:8080/login" "Mozilla/5.0 (Windows NT 10.0; Win64; x64) AppleWebKit/537.36 (KHTML, like Gecko) Chrome/88.0.4324.190 Safari/537.36"
0:0:0:0:0:0:0:1 - - [02/Mar/2021:11:35:56 +0100] "GET /suche HTTP/1.1" 302 - "http://localhost:8080/login" "Mozilla/5.0 (Windows NT 10.0; Win64; x64) AppleWebKit/537.36 (KHTML, like Gecko) Chrome/88.0.4324.190 Safari/537.36"
0:0:0:0:0:0:0:1 - - [02/Mar/2021:11:35:56 +0100] "GET /login HTTP/1.1" 200 6763 "http://localhost:8080/login" "Mozilla/5.0 (Windows NT 10.0; Win64; x64) AppleWebKit/537.36 (KHTML, like Gecko) Chrome/88.0.4324.190 Safari/537.36"
0:0:0:0:0:0:0:1 - - [02/Mar/2021:11:35:56 +0100] "GET /style.css HTTP/1.1" 200 718 "http://localhost:8080/login" "Mozilla/5.0 (Windows NT 10.0; Win64; x64) AppleWebKit/537.36 (KHTML, like Gecko) Chrome/88.0.4324.190 Safari/537.36"
0:0:0:0:0:0:0:1 - - [02/Mar/2021:11:35:59 +0100] "POST /login HTTP/1.1" 302 - "http://localhost:8080/login" "Mozilla/5.0 (Windows NT 10.0; Win64; x64) AppleWebKit/537.36 (KHTML, like Gecko) Chrome/88.0.4324.190 Safari/537.36"
0:0:0:0:0:0:0:1 - - [02/Mar/2021:11:35:59 +0100] "GET /login?error HTTP/1.1" 200 6845 "http://localhost:8080/login" "Mozilla/5.0 (Windows NT 10.0; Win64; x64) AppleWebKit/537.36 (KHTML, like Gecko) Chrome/88.0.4324.190 Safari/537.36"
0:0:0:0:0:0:0:1 - - [02/Mar/2021:11:35:59 +0100] "GET /style.css HTTP/1.1" 200 718 "http://localhost:8080/login?error" "Mozilla/5.0 (Windows NT 10.0; Win64; x64) AppleWebKit/537.36 (KHTML, like Gecko) Chrome/88.0.4324.190 Safari/537.36"
0:0:0:0:0:0:0:1 - - [02/Mar/2021:11:36:02 +0100] "GET / HTTP/1.1" 200 7483 "http://localhost:8080/login?error" "Mozilla/5.0 (Windows NT 10.0; Win64; x64) AppleWebKit/537.36 (KHTML, like Gecko) Chrome/88.0.4324.190 Safari/537.36"
0:0:0:0:0:0:0:1 - - [02/Mar/2021:11:36:02 +0100] "GET /style.css HTTP/1.1" 200 718 "http://localhost:8080/" "Mozilla/5.0 (Windows NT 10.0; Win64; x64) AppleWebKit/537.36 (KHTML, like Gecko) Chrome/88.0.4324.190 Safari/537.36"
0:0:0:0:0:0:0:1 - - [02/Mar/2021:11:36:08 +0100] "GET /r/noId?roomId=asdf HTTP/1.1" 404 7552 "http://localhost:8080/" "Mozilla/5.0 (Windows NT 10.0; Win64; x64) AppleWebKit/537.36 (KHTML, like Gecko) Chrome/88.0.4324.190 Safari/537.36"
0:0:0:0:0:0:0:1 - - [02/Mar/2021:11:36:08 +0100] "GET /style.css HTTP/1.1" 200 718 "http://localhost:8080/r/noId?roomId=asdf" "Mozilla/5.0 (Windows NT 10.0; Win64; x64) AppleWebKit/537.36 (KHTML, like Gecko) Chrome/88.0.4324.190 Safari/537.36"
0:0:0:0:0:0:0:1 - - [02/Mar/2021:11:36:13 +0100] "GET /r/noId?roomId=test HTTP/1.1" 200 7569 "http://localhost:8080/r/noId?roomId=asdf" "Mozilla/5.0 (Windows NT 10.0; Win64; x64) AppleWebKit/537.36 (KHTML, like Gecko) Chrome/88.0.4324.190 Safari/537.36"
0:0:0:0:0:0:0:1 - - [02/Mar/2021:11:36:13 +0100] "GET /main.css HTTP/1.1" 200 7533 "http://localhost:8080/r/noId?roomId=test" "Mozilla/5.0 (Windows NT 10.0; Win64; x64) AppleWebKit/537.36 (KHTML, like Gecko) Chrome/88.0.4324.190 Safari/537.36"
0:0:0:0:0:0:0:1 - - [02/Mar/2021:11:36:13 +0100] "GET /checkInForm.js HTTP/1.1" 200 4888 "http://localhost:8080/r/noId?roomId=test" "Mozilla/5.0 (Windows NT 10.0; Win64; x64) AppleWebKit/537.36 (KHTML, like Gecko) Chrome/88.0.4324.190 Safari/537.36"
0:0:0:0:0:0:0:1 - - [02/Mar/2021:11:36:13 +0100] "POST /r/checkIn HTTP/1.1" 200 2258 "http://localhost:8080/r/noId?roomId=test" "Mozilla/5.0 (Windows NT 10.0; Win64; x64) AppleWebKit/537.36 (KHTML, like Gecko) Chrome/88.0.4324.190 Safari/537.36"
0:0:0:0:0:0:0:1 - - [02/Mar/2021:11:36:13 +0100] "GET /main.css HTTP/1.1" 200 7533 "http://localhost:8080/r/checkIn" "Mozilla/5.0 (Windows NT 10.0; Win64; x64) AppleWebKit/537.36 (KHTML, like Gecko) Chrome/88.0.4324.190 Safari/537.36"
0:0:0:0:0:0:0:1 - - [02/Mar/2021:11:36:16 +0100] "GET / HTTP/1.1" 200 7483 "http://localhost:8080/r/checkIn" "Mozilla/5.0 (Windows NT 10.0; Win64; x64) AppleWebKit/537.36 (KHTML, like Gecko) Chrome/88.0.4324.190 Safari/537.36"
0:0:0:0:0:0:0:1 - - [02/Mar/2021:11:36:16 +0100] "GET /style.css HTTP/1.1" 200 718 "http://localhost:8080/" "Mozilla/5.0 (Windows NT 10.0; Win64; x64) AppleWebKit/537.36 (KHTML, like Gecko) Chrome/88.0.4324.190 Safari/537.36"
0:0:0:0:0:0:0:1 - - [02/Mar/2021:11:36:18 +0100] "GET /r/noId?roomId=test HTTP/1.1" 200 7569 "http://localhost:8080/" "Mozilla/5.0 (Windows NT 10.0; Win64; x64) AppleWebKit/537.36 (KHTML, like Gecko) Chrome/88.0.4324.190 Safari/537.36"
0:0:0:0:0:0:0:1 - - [02/Mar/2021:11:36:18 +0100] "GET /main.css HTTP/1.1" 200 7533 "http://localhost:8080/r/noId?roomId=test" "Mozilla/5.0 (Windows NT 10.0; Win64; x64) AppleWebKit/537.36 (KHTML, like Gecko) Chrome/88.0.4324.190 Safari/537.36"
0:0:0:0:0:0:0:1 - - [02/Mar/2021:11:36:18 +0100] "GET /checkInForm.js HTTP/1.1" 200 4888 "http://localhost:8080/r/noId?roomId=test" "Mozilla/5.0 (Windows NT 10.0; Win64; x64) AppleWebKit/537.36 (KHTML, like Gecko) Chrome/88.0.4324.190 Safari/537.36"
0:0:0:0:0:0:0:1 - - [02/Mar/2021:11:36:18 +0100] "POST /r/checkIn HTTP/1.1" 200 2530 "http://localhost:8080/r/noId?roomId=test" "Mozilla/5.0 (Windows NT 10.0; Win64; x64) AppleWebKit/537.36 (KHTML, like Gecko) Chrome/88.0.4324.190 Safari/537.36"
0:0:0:0:0:0:0:1 - - [02/Mar/2021:11:36:19 +0100] "GET /main.css HTTP/1.1" 200 7533 "http://localhost:8080/r/checkIn" "Mozilla/5.0 (Windows NT 10.0; Win64; x64) AppleWebKit/537.36 (KHTML, like Gecko) Chrome/88.0.4324.190 Safari/537.36"
0:0:0:0:0:0:0:1 - - [02/Mar/2021:11:36:25 +0100] "POST /r/checkOut HTTP/1.1" 302 - "http://localhost:8080/r/checkIn" "Mozilla/5.0 (Windows NT 10.0; Win64; x64) AppleWebKit/537.36 (KHTML, like Gecko) Chrome/88.0.4324.190 Safari/537.36"
0:0:0:0:0:0:0:1 - - [02/Mar/2021:11:36:25 +0100] "GET /r/checkedOut HTTP/1.1" 200 2258 "http://localhost:8080/r/checkIn" "Mozilla/5.0 (Windows NT 10.0; Win64; x64) AppleWebKit/537.36 (KHTML, like Gecko) Chrome/88.0.4324.190 Safari/537.36"
0:0:0:0:0:0:0:1 - - [02/Mar/2021:11:36:25 +0100] "GET /main.css HTTP/1.1" 200 7533 "http://localhost:8080/r/checkedOut" "Mozilla/5.0 (Windows NT 10.0; Win64; x64) AppleWebKit/537.36 (KHTML, like Gecko) Chrome/88.0.4324.190 Safari/537.36"
0:0:0:0:0:0:0:1 - - [02/Mar/2021:11:36:26 +0100] "GET / HTTP/1.1" 200 7483 "http://localhost:8080/r/checkedOut" "Mozilla/5.0 (Windows NT 10.0; Win64; x64) AppleWebKit/537.36 (KHTML, like Gecko) Chrome/88.0.4324.190 Safari/537.36"
0:0:0:0:0:0:0:1 - - [02/Mar/2021:11:36:26 +0100] "GET /style.css HTTP/1.1" 200 718 "http://localhost:8080/" "Mozilla/5.0 (Windows NT 10.0; Win64; x64) AppleWebKit/537.36 (KHTML, like Gecko) Chrome/88.0.4324.190 Safari/537.36"
0:0:0:0:0:0:0:1 - - [02/Mar/2021:11:36:32 +0100] "GET / HTTP/1.1" 200 7483 "-" "Mozilla/5.0 (Windows NT 10.0; Win64; x64) AppleWebKit/537.36 (KHTML, like Gecko) Chrome/88.0.4324.190 Safari/537.36"
0:0:0:0:0:0:0:1 - - [02/Mar/2021:11:36:32 +0100] "GET /style.css HTTP/1.1" 200 718 "http://localhost:8080/" "Mozilla/5.0 (Windows NT 10.0; Win64; x64) AppleWebKit/537.36 (KHTML, like Gecko) Chrome/88.0.4324.190 Safari/537.36"
0:0:0:0:0:0:0:1 - - [02/Mar/2021:11:36:35 +0100] "GET /r/noId?roomId=test HTTP/1.1" 200 7569 "http://localhost:8080/" "Mozilla/5.0 (Windows NT 10.0; Win64; x64) AppleWebKit/537.36 (KHTML, like Gecko) Chrome/88.0.4324.190 Safari/537.36"
0:0:0:0:0:0:0:1 - - [02/Mar/2021:11:36:35 +0100] "GET /main.css HTTP/1.1" 200 7533 "http://localhost:8080/r/noId?roomId=test" "Mozilla/5.0 (Windows NT 10.0; Win64; x64) AppleWebKit/537.36 (KHTML, like Gecko) Chrome/88.0.4324.190 Safari/537.36"
0:0:0:0:0:0:0:1 - - [02/Mar/2021:11:36:35 +0100] "GET /checkInForm.js HTTP/1.1" 200 4888 "http://localhost:8080/r/noId?roomId=test" "Mozilla/5.0 (Windows NT 10.0; Win64; x64) AppleWebKit/537.36 (KHTML, like Gecko) Chrome/88.0.4324.190 Safari/537.36"
0:0:0:0:0:0:0:1 - - [02/Mar/2021:11:36:52 +0100] "POST /r/checkOut HTTP/1.1" 404 7552 "http://localhost:8080/r/noId?roomId=test" "Mozilla/5.0 (Windows NT 10.0; Win64; x64) AppleWebKit/537.36 (KHTML, like Gecko) Chrome/88.0.4324.190 Safari/537.36"
0:0:0:0:0:0:0:1 - - [02/Mar/2021:11:36:52 +0100] "GET /style.css HTTP/1.1" 200 718 "http://localhost:8080/r/checkOut" "Mozilla/5.0 (Windows NT 10.0; Win64; x64) AppleWebKit/537.36 (KHTML, like Gecko) Chrome/88.0.4324.190 Safari/537.36"
0:0:0:0:0:0:0:1 - - [02/Mar/2021:11:37:02 +0100] "GET /r/noId?roomId=test HTTP/1.1" 200 7569 "http://localhost:8080/r/checkOut" "Mozilla/5.0 (Windows NT 10.0; Win64; x64) AppleWebKit/537.36 (KHTML, like Gecko) Chrome/88.0.4324.190 Safari/537.36"
0:0:0:0:0:0:0:1 - - [02/Mar/2021:11:37:02 +0100] "GET /main.css HTTP/1.1" 200 7533 "http://localhost:8080/r/noId?roomId=test" "Mozilla/5.0 (Windows NT 10.0; Win64; x64) AppleWebKit/537.36 (KHTML, like Gecko) Chrome/88.0.4324.190 Safari/537.36"
0:0:0:0:0:0:0:1 - - [02/Mar/2021:11:37:02 +0100] "GET /checkInForm.js HTTP/1.1" 200 4888 "http://localhost:8080/r/noId?roomId=test" "Mozilla/5.0 (Windows NT 10.0; Win64; x64) AppleWebKit/537.36 (KHTML, like Gecko) Chrome/88.0.4324.190 Safari/537.36"
0:0:0:0:0:0:0:1 - - [02/Mar/2021:11:37:06 +0100] "POST /r/checkOut HTTP/1.1" 404 7552 "http://localhost:8080/r/noId?roomId=test" "Mozilla/5.0 (Windows NT 10.0; Win64; x64) AppleWebKit/537.36 (KHTML, like Gecko) Chrome/88.0.4324.190 Safari/537.36"
0:0:0:0:0:0:0:1 - - [02/Mar/2021:11:37:06 +0100] "GET /style.css HTTP/1.1" 200 718 "http://localhost:8080/r/checkOut" "Mozilla/5.0 (Windows NT 10.0; Win64; x64) AppleWebKit/537.36 (KHTML, like Gecko) Chrome/88.0.4324.190 Safari/537.36"
0:0:0:0:0:0:0:1 - - [02/Mar/2021:11:37:08 +0100] "GET /r/noId?roomId= HTTP/1.1" 404 7552 "http://localhost:8080/r/checkOut" "Mozilla/5.0 (Windows NT 10.0; Win64; x64) AppleWebKit/537.36 (KHTML, like Gecko) Chrome/88.0.4324.190 Safari/537.36"
0:0:0:0:0:0:0:1 - - [02/Mar/2021:11:37:08 +0100] "GET /style.css HTTP/1.1" 200 718 "http://localhost:8080/r/noId?roomId=" "Mozilla/5.0 (Windows NT 10.0; Win64; x64) AppleWebKit/537.36 (KHTML, like Gecko) Chrome/88.0.4324.190 Safari/537.36"
0:0:0:0:0:0:0:1 - - [02/Mar/2021:11:37:09 +0100] "GET /r/noId?roomId=test HTTP/1.1" 200 7569 "http://localhost:8080/r/noId?roomId=" "Mozilla/5.0 (Windows NT 10.0; Win64; x64) AppleWebKit/537.36 (KHTML, like Gecko) Chrome/88.0.4324.190 Safari/537.36"
0:0:0:0:0:0:0:1 - - [02/Mar/2021:11:37:09 +0100] "GET /checkInForm.js HTTP/1.1" 200 4888 "http://localhost:8080/r/noId?roomId=test" "Mozilla/5.0 (Windows NT 10.0; Win64; x64) AppleWebKit/537.36 (KHTML, like Gecko) Chrome/88.0.4324.190 Safari/537.36"
0:0:0:0:0:0:0:1 - - [02/Mar/2021:11:37:09 +0100] "GET /main.css HTTP/1.1" 200 7533 "http://localhost:8080/r/noId?roomId=test" "Mozilla/5.0 (Windows NT 10.0; Win64; x64) AppleWebKit/537.36 (KHTML, like Gecko) Chrome/88.0.4324.190 Safari/537.36"
0:0:0:0:0:0:0:1 - - [02/Mar/2021:11:37:16 +0100] "POST /r/checkIn HTTP/1.1" 200 2524 "http://localhost:8080/r/noId?roomId=test" "Mozilla/5.0 (Windows NT 10.0; Win64; x64) AppleWebKit/537.36 (KHTML, like Gecko) Chrome/88.0.4324.190 Safari/537.36"
0:0:0:0:0:0:0:1 - - [02/Mar/2021:11:37:16 +0100] "GET /main.css HTTP/1.1" 200 7533 "http://localhost:8080/r/checkIn" "Mozilla/5.0 (Windows NT 10.0; Win64; x64) AppleWebKit/537.36 (KHTML, like Gecko) Chrome/88.0.4324.190 Safari/537.36"
0:0:0:0:0:0:0:1 - - [02/Mar/2021:11:37:18 +0100] "POST /r/checkOut HTTP/1.1" 302 - "http://localhost:8080/r/checkIn" "Mozilla/5.0 (Windows NT 10.0; Win64; x64) AppleWebKit/537.36 (KHTML, like Gecko) Chrome/88.0.4324.190 Safari/537.36"
0:0:0:0:0:0:0:1 - - [02/Mar/2021:11:37:18 +0100] "GET /r/checkedOut HTTP/1.1" 200 2258 "http://localhost:8080/r/checkIn" "Mozilla/5.0 (Windows NT 10.0; Win64; x64) AppleWebKit/537.36 (KHTML, like Gecko) Chrome/88.0.4324.190 Safari/537.36"
0:0:0:0:0:0:0:1 - - [02/Mar/2021:11:37:18 +0100] "GET /main.css HTTP/1.1" 200 7533 "http://localhost:8080/r/checkedOut" "Mozilla/5.0 (Windows NT 10.0; Win64; x64) AppleWebKit/537.36 (KHTML, like Gecko) Chrome/88.0.4324.190 Safari/537.36"
0:0:0:0:0:0:0:1 - - [02/Mar/2021:11:37:19 +0100] "GET / HTTP/1.1" 200 7483 "http://localhost:8080/r/checkedOut" "Mozilla/5.0 (Windows NT 10.0; Win64; x64) AppleWebKit/537.36 (KHTML, like Gecko) Chrome/88.0.4324.190 Safari/537.36"
0:0:0:0:0:0:0:1 - - [02/Mar/2021:11:37:19 +0100] "GET /style.css HTTP/1.1" 200 718 "http://localhost:8080/" "Mozilla/5.0 (Windows NT 10.0; Win64; x64) AppleWebKit/537.36 (KHTML, like Gecko) Chrome/88.0.4324.190 Safari/537.36"
0:0:0:0:0:0:0:1 - - [02/Mar/2021:11:41:05 +0100] "GET /r/noId?roomId= HTTP/1.1" 404 7552 "http://localhost:8080/" "Mozilla/5.0 (Windows NT 10.0; Win64; x64) AppleWebKit/537.36 (KHTML, like Gecko) Chrome/88.0.4324.190 Safari/537.36"
0:0:0:0:0:0:0:1 - - [02/Mar/2021:11:41:05 +0100] "GET /style.css HTTP/1.1" 200 718 "http://localhost:8080/r/noId?roomId=" "Mozilla/5.0 (Windows NT 10.0; Win64; x64) AppleWebKit/537.36 (KHTML, like Gecko) Chrome/88.0.4324.190 Safari/537.36"
0:0:0:0:0:0:0:1 - - [02/Mar/2021:11:44:25 +0100] "GET /r/noId?roomId=asdf HTTP/1.1" 404 7552 "http://localhost:8080/r/noId?roomId=" "Mozilla/5.0 (Windows NT 10.0; Win64; x64) AppleWebKit/537.36 (KHTML, like Gecko) Chrome/88.0.4324.190 Safari/537.36"
0:0:0:0:0:0:0:1 - - [02/Mar/2021:11:44:25 +0100] "GET /style.css HTTP/1.1" 200 718 "http://localhost:8080/r/noId?roomId=asdf" "Mozilla/5.0 (Windows NT 10.0; Win64; x64) AppleWebKit/537.36 (KHTML, like Gecko) Chrome/88.0.4324.190 Safari/537.36"
0:0:0:0:0:0:0:1 - - [02/Mar/2021:11:44:26 +0100] "GET /r/noId?roomId=asdf HTTP/1.1" 404 7552 "http://localhost:8080/r/noId?roomId=asdf" "Mozilla/5.0 (Windows NT 10.0; Win64; x64) AppleWebKit/537.36 (KHTML, like Gecko) Chrome/88.0.4324.190 Safari/537.36"
0:0:0:0:0:0:0:1 - - [02/Mar/2021:11:44:26 +0100] "GET /style.css HTTP/1.1" 200 718 "http://localhost:8080/r/noId?roomId=asdf" "Mozilla/5.0 (Windows NT 10.0; Win64; x64) AppleWebKit/537.36 (KHTML, like Gecko) Chrome/88.0.4324.190 Safari/537.36"
0:0:0:0:0:0:0:1 - - [02/Mar/2021:11:44:29 +0100] "GET /style.css HTTP/1.1" 200 718 "http://localhost:8080/r/noId?roomId=asdf" "Mozilla/5.0 (Windows NT 10.0; Win64; x64) AppleWebKit/537.36 (KHTML, like Gecko) Chrome/88.0.4324.190 Safari/537.36"
0:0:0:0:0:0:0:1 - - [02/Mar/2021:11:46:54 +0100] "GET /r/noId?roomId=asdf HTTP/1.1" 404 7552 "http://localhost:8080/r/noId?roomId=asdf" "Mozilla/5.0 (Windows NT 10.0; Win64; x64) AppleWebKit/537.36 (KHTML, like Gecko) Chrome/88.0.4324.190 Safari/537.36"
0:0:0:0:0:0:0:1 - - [02/Mar/2021:11:46:54 +0100] "GET /style.css HTTP/1.1" 200 718 "http://localhost:8080/r/noId?roomId=asdf" "Mozilla/5.0 (Windows NT 10.0; Win64; x64) AppleWebKit/537.36 (KHTML, like Gecko) Chrome/88.0.4324.190 Safari/537.36"
0:0:0:0:0:0:0:1 - - [02/Mar/2021:11:51:12 +0100] "GET /r/noId?roomId=asdf HTTP/1.1" 404 7552 "http://localhost:8080/" "Mozilla/5.0 (Windows NT 10.0; Win64; x64) AppleWebKit/537.36 (KHTML, like Gecko) Chrome/88.0.4324.190 Safari/537.36"
0:0:0:0:0:0:0:1 - - [02/Mar/2021:11:51:12 +0100] "GET /style.css HTTP/1.1" 200 718 "http://localhost:8080/r/noId?roomId=asdf" "Mozilla/5.0 (Windows NT 10.0; Win64; x64) AppleWebKit/537.36 (KHTML, like Gecko) Chrome/88.0.4324.190 Safari/537.36"
0:0:0:0:0:0:0:1 - - [02/Mar/2021:11:52:35 +0100] "GET /neuVer HTTP/1.1" 302 - "http://localhost:8080/r/noId?roomId=asdf" "Mozilla/5.0 (Windows NT 10.0; Win64; x64) AppleWebKit/537.36 (KHTML, like Gecko) Chrome/88.0.4324.190 Safari/537.36"
0:0:0:0:0:0:0:1 - - [02/Mar/2021:11:52:35 +0100] "GET /login HTTP/1.1" 200 6763 "http://localhost:8080/r/noId?roomId=asdf" "Mozilla/5.0 (Windows NT 10.0; Win64; x64) AppleWebKit/537.36 (KHTML, like Gecko) Chrome/88.0.4324.190 Safari/537.36"
0:0:0:0:0:0:0:1 - - [02/Mar/2021:11:52:35 +0100] "GET /style.css HTTP/1.1" 200 718 "http://localhost:8080/login" "Mozilla/5.0 (Windows NT 10.0; Win64; x64) AppleWebKit/537.36 (KHTML, like Gecko) Chrome/88.0.4324.190 Safari/537.36"
0:0:0:0:0:0:0:1 - - [02/Mar/2021:11:52:40 +0100] "POST /login HTTP/1.1" 302 - "http://localhost:8080/login" "Mozilla/5.0 (Windows NT 10.0; Win64; x64) AppleWebKit/537.36 (KHTML, like Gecko) Chrome/88.0.4324.190 Safari/537.36"
0:0:0:0:0:0:0:1 - - [02/Mar/2021:11:52:40 +0100] "GET /login?error HTTP/1.1" 200 6845 "http://localhost:8080/login" "Mozilla/5.0 (Windows NT 10.0; Win64; x64) AppleWebKit/537.36 (KHTML, like Gecko) Chrome/88.0.4324.190 Safari/537.36"
0:0:0:0:0:0:0:1 - - [02/Mar/2021:11:52:40 +0100] "GET /style.css HTTP/1.1" 200 718 "http://localhost:8080/login?error" "Mozilla/5.0 (Windows NT 10.0; Win64; x64) AppleWebKit/537.36 (KHTML, like Gecko) Chrome/88.0.4324.190 Safari/537.36"
0:0:0:0:0:0:0:1 - - [02/Mar/2021:11:54:48 +0100] "GET / HTTP/1.1" 200 7483 "http://localhost:8080/login?error" "Mozilla/5.0 (Windows NT 10.0; Win64; x64) AppleWebKit/537.36 (KHTML, like Gecko) Chrome/88.0.4324.190 Safari/537.36"
0:0:0:0:0:0:0:1 - - [02/Mar/2021:11:54:48 +0100] "GET /style.css HTTP/1.1" 200 718 "http://localhost:8080/" "Mozilla/5.0 (Windows NT 10.0; Win64; x64) AppleWebKit/537.36 (KHTML, like Gecko) Chrome/88.0.4324.190 Safari/537.36"
0:0:0:0:0:0:0:1 - - [02/Mar/2021:11:54:50 +0100] "GET /r/noId?roomId=sdf HTTP/1.1" 404 7552 "http://localhost:8080/" "Mozilla/5.0 (Windows NT 10.0; Win64; x64) AppleWebKit/537.36 (KHTML, like Gecko) Chrome/88.0.4324.190 Safari/537.36"
0:0:0:0:0:0:0:1 - - [02/Mar/2021:11:54:50 +0100] "GET /style.css HTTP/1.1" 200 718 "http://localhost:8080/r/noId?roomId=sdf" "Mozilla/5.0 (Windows NT 10.0; Win64; x64) AppleWebKit/537.36 (KHTML, like Gecko) Chrome/88.0.4324.190 Safari/537.36"
0:0:0:0:0:0:0:1 - - [02/Mar/2021:11:55:58 +0100] "GET /r/noId?roomId=asdf HTTP/1.1" 404 7561 "http://localhost:8080/r/noId?roomId=sdf" "Mozilla/5.0 (Windows NT 10.0; Win64; x64) AppleWebKit/537.36 (KHTML, like Gecko) Chrome/88.0.4324.190 Safari/537.36"
0:0:0:0:0:0:0:1 - - [02/Mar/2021:11:55:58 +0100] "GET /style.css HTTP/1.1" 200 718 "http://localhost:8080/r/noId?roomId=asdf" "Mozilla/5.0 (Windows NT 10.0; Win64; x64) AppleWebKit/537.36 (KHTML, like Gecko) Chrome/88.0.4324.190 Safari/537.36"
0:0:0:0:0:0:0:1 - - [02/Mar/2021:11:57:22 +0100] "GET /r/noId?roomId=test HTTP/1.1" 200 7569 "http://localhost:8080/r/noId?roomId=asdf" "Mozilla/5.0 (Windows NT 10.0; Win64; x64) AppleWebKit/537.36 (KHTML, like Gecko) Chrome/88.0.4324.190 Safari/537.36"
0:0:0:0:0:0:0:1 - - [02/Mar/2021:11:57:22 +0100] "GET /main.css HTTP/1.1" 200 7533 "http://localhost:8080/r/noId?roomId=test" "Mozilla/5.0 (Windows NT 10.0; Win64; x64) AppleWebKit/537.36 (KHTML, like Gecko) Chrome/88.0.4324.190 Safari/537.36"
0:0:0:0:0:0:0:1 - - [02/Mar/2021:11:57:22 +0100] "GET /checkInForm.js HTTP/1.1" 200 4888 "http://localhost:8080/r/noId?roomId=test" "Mozilla/5.0 (Windows NT 10.0; Win64; x64) AppleWebKit/537.36 (KHTML, like Gecko) Chrome/88.0.4324.190 Safari/537.36"
0:0:0:0:0:0:0:1 - - [02/Mar/2021:11:57:22 +0100] "POST /r/checkIn HTTP/1.1" 200 2530 "http://localhost:8080/r/noId?roomId=test" "Mozilla/5.0 (Windows NT 10.0; Win64; x64) AppleWebKit/537.36 (KHTML, like Gecko) Chrome/88.0.4324.190 Safari/537.36"
0:0:0:0:0:0:0:1 - - [02/Mar/2021:11:57:22 +0100] "GET /main.css HTTP/1.1" 200 7533 "http://localhost:8080/r/checkIn" "Mozilla/5.0 (Windows NT 10.0; Win64; x64) AppleWebKit/537.36 (KHTML, like Gecko) Chrome/88.0.4324.190 Safari/537.36"
0:0:0:0:0:0:0:1 - - [02/Mar/2021:11:57:23 +0100] "POST /r/checkOut HTTP/1.1" 302 - "http://localhost:8080/r/checkIn" "Mozilla/5.0 (Windows NT 10.0; Win64; x64) AppleWebKit/537.36 (KHTML, like Gecko) Chrome/88.0.4324.190 Safari/537.36"
0:0:0:0:0:0:0:1 - - [02/Mar/2021:11:57:23 +0100] "GET /r/checkedOut HTTP/1.1" 200 2258 "http://localhost:8080/r/checkIn" "Mozilla/5.0 (Windows NT 10.0; Win64; x64) AppleWebKit/537.36 (KHTML, like Gecko) Chrome/88.0.4324.190 Safari/537.36"
0:0:0:0:0:0:0:1 - - [02/Mar/2021:11:57:23 +0100] "GET /main.css HTTP/1.1" 200 7533 "http://localhost:8080/r/checkedOut" "Mozilla/5.0 (Windows NT 10.0; Win64; x64) AppleWebKit/537.36 (KHTML, like Gecko) Chrome/88.0.4324.190 Safari/537.36"
0:0:0:0:0:0:0:1 - - [02/Mar/2021:11:57:24 +0100] "GET / HTTP/1.1" 200 7483 "http://localhost:8080/r/checkedOut" "Mozilla/5.0 (Windows NT 10.0; Win64; x64) AppleWebKit/537.36 (KHTML, like Gecko) Chrome/88.0.4324.190 Safari/537.36"
0:0:0:0:0:0:0:1 - - [02/Mar/2021:11:57:24 +0100] "GET /style.css HTTP/1.1" 200 718 "http://localhost:8080/" "Mozilla/5.0 (Windows NT 10.0; Win64; x64) AppleWebKit/537.36 (KHTML, like Gecko) Chrome/88.0.4324.190 Safari/537.36"
0:0:0:0:0:0:0:1 - - [02/Mar/2021:11:57:26 +0100] "GET /r/noId?roomId=asdf HTTP/1.1" 404 7561 "http://localhost:8080/" "Mozilla/5.0 (Windows NT 10.0; Win64; x64) AppleWebKit/537.36 (KHTML, like Gecko) Chrome/88.0.4324.190 Safari/537.36"
0:0:0:0:0:0:0:1 - - [02/Mar/2021:11:57:26 +0100] "GET /style.css HTTP/1.1" 200 718 "http://localhost:8080/r/noId?roomId=asdf" "Mozilla/5.0 (Windows NT 10.0; Win64; x64) AppleWebKit/537.36 (KHTML, like Gecko) Chrome/88.0.4324.190 Safari/537.36"
